[ 2017-12-11T22:10:57+08:00 ] 127.0.0.1 /exercise/index.php/upload_file/upload_img
INFO: [ route_check ] --START--
INFO: CheckRoute Behavior ::run [ RunTime:0.009753s ]
INFO: [ route_check ] --END-- [ RunTime:0.009813s ]
NOTIC: [8192] preg_replace(): The /e modifier is deprecated, use preg_replace_callback instead F:\www\exercise\ThinkPHP\Lib\Core\Dispatcher.class.php 第 132 行.
INFO: [ app_begin ] --START--
INFO: ReadHtmlCache Behavior ::run [ RunTime:0.012310s ]
INFO: [ app_begin ] --END-- [ RunTime:0.012375s ]

[ 2017-12-11T22:11:36+08:00 ] 127.0.0.1 /exercise/index.php/upload_file/upload_img
INFO: [ route_check ] --START--
INFO: CheckRoute Behavior ::run [ RunTime:0.000680s ]
INFO: [ route_check ] --END-- [ RunTime:0.000724s ]
NOTIC: [8192] preg_replace(): The /e modifier is deprecated, use preg_replace_callback instead F:\www\exercise\ThinkPHP\Lib\Core\Dispatcher.class.php 第 132 行.
INFO: [ app_begin ] --START--
INFO: ReadHtmlCache Behavior ::run [ RunTime:0.000406s ]
INFO: [ app_begin ] --END-- [ RunTime:0.000439s ]

[ 2017-12-11T22:13:35+08:00 ] 127.0.0.1 /exercise/index.php/upload_file/upload_img
INFO: [ route_check ] --START--
INFO: CheckRoute Behavior ::run [ RunTime:0.000697s ]
INFO: [ route_check ] --END-- [ RunTime:0.000745s ]
NOTIC: [8192] preg_replace(): The /e modifier is deprecated, use preg_replace_callback instead F:\www\exercise\ThinkPHP\Lib\Core\Dispatcher.class.php 第 132 行.
INFO: [ app_begin ] --START--
INFO: ReadHtmlCache Behavior ::run [ RunTime:0.000431s ]
INFO: [ app_begin ] --END-- [ RunTime:0.000464s ]

[ 2017-12-11T22:16:18+08:00 ] 192.168.43.209 /exercise/index.php
INFO: [ app_begin ] --START--
INFO: ReadHtmlCache Behavior ::run [ RunTime:0.000592s ]
INFO: [ app_begin ] --END-- [ RunTime:0.000638s ]
INFO: [ view_parse ] --START--
INFO: ParseTemplate Behavior ::run [ RunTime:0.057299s ]
INFO: [ view_parse ] --END-- [ RunTime:0.057347s ]
INFO: [ view_filter ] --START--
NOTIC: [8] Use of undefined constant APP_TMPL_PATH - assumed 'APP_TMPL_PATH' F:\www\exercise\ThinkPHP\Lib\Behavior\ContentReplaceBehavior.class.php 第 40 行.
NOTIC: [8] Use of undefined constant APP_TMPL_PATH - assumed 'APP_TMPL_PATH' F:\www\exercise\ThinkPHP\Lib\Behavior\ContentReplaceBehavior.class.php 第 47 行.
INFO: ContentReplace Behavior ::run [ RunTime:0.051437s ]
INFO: TokenBuild Behavior ::run [ RunTime:0.015421s ]
INFO: WriteHtmlCache Behavior ::run [ RunTime:0.009724s ]
INFO: ShowRuntime Behavior ::run [ RunTime:0.013181s ]
INFO: [ view_filter ] --END-- [ RunTime:0.089876s ]
INFO: [ view_end ] --START--
INFO: ShowPageTrace Behavior ::run [ RunTime:0.007549s ]
INFO: [ view_end ] --END-- [ RunTime:0.007586s ]

[ 2017-12-11T22:16:40+08:00 ] 192.168.43.209 /exercise/index.php/Upload_file/upload_img
INFO: [ route_check ] --START--
INFO: CheckRoute Behavior ::run [ RunTime:0.000532s ]
INFO: [ route_check ] --END-- [ RunTime:0.000573s ]
NOTIC: [8192] preg_replace(): The /e modifier is deprecated, use preg_replace_callback instead F:\www\exercise\ThinkPHP\Lib\Core\Dispatcher.class.php 第 132 行.
INFO: [ app_begin ] --START--
INFO: ReadHtmlCache Behavior ::run [ RunTime:0.000317s ]
INFO: [ app_begin ] --END-- [ RunTime:0.000348s ]
ERR: 无法加载模块:Upload_file

[ 2017-12-11T22:17:13+08:00 ] 192.168.43.209 /exercise/index.php/Upload_file/upload_img
INFO: [ route_check ] --START--
INFO: CheckRoute Behavior ::run [ RunTime:0.000510s ]
INFO: [ route_check ] --END-- [ RunTime:0.000560s ]
NOTIC: [8192] preg_replace(): The /e modifier is deprecated, use preg_replace_callback instead F:\www\exercise\ThinkPHP\Lib\Core\Dispatcher.class.php 第 132 行.
INFO: [ app_begin ] --START--
INFO: ReadHtmlCache Behavior ::run [ RunTime:0.000357s ]
INFO: [ app_begin ] --END-- [ RunTime:0.000391s ]
ERR: 无法加载模块:Upload_file

[ 2017-12-11T22:17:31+08:00 ] 192.168.43.209 /exercise/index.php/Upload_file
INFO: [ route_check ] --START--
INFO: CheckRoute Behavior ::run [ RunTime:0.000445s ]
INFO: [ route_check ] --END-- [ RunTime:0.000489s ]
NOTIC: [8192] preg_replace(): The /e modifier is deprecated, use preg_replace_callback instead F:\www\exercise\ThinkPHP\Lib\Core\Dispatcher.class.php 第 132 行.
INFO: [ app_begin ] --START--
INFO: ReadHtmlCache Behavior ::run [ RunTime:0.000318s ]
INFO: [ app_begin ] --END-- [ RunTime:0.000349s ]
ERR: 无法加载模块:Upload_file

[ 2017-12-11T22:17:43+08:00 ] 192.168.43.209 /exercise/index.php/Upload_file
INFO: [ route_check ] --START--
INFO: CheckRoute Behavior ::run [ RunTime:0.000430s ]
INFO: [ route_check ] --END-- [ RunTime:0.000476s ]
NOTIC: [8192] preg_replace(): The /e modifier is deprecated, use preg_replace_callback instead F:\www\exercise\ThinkPHP\Lib\Core\Dispatcher.class.php 第 132 行.
INFO: [ app_begin ] --START--
INFO: ReadHtmlCache Behavior ::run [ RunTime:0.000314s ]
INFO: [ app_begin ] --END-- [ RunTime:0.000344s ]
ERR: 无法加载模块:Upload_file

[ 2017-12-11T22:18:06+08:00 ] 192.168.43.209 /exercise/index.php/upload_file/upload_img
INFO: [ route_check ] --START--
INFO: CheckRoute Behavior ::run [ RunTime:0.000425s ]
INFO: [ route_check ] --END-- [ RunTime:0.000469s ]
NOTIC: [8192] preg_replace(): The /e modifier is deprecated, use preg_replace_callback instead F:\www\exercise\ThinkPHP\Lib\Core\Dispatcher.class.php 第 132 行.
INFO: [ app_begin ] --START--
INFO: ReadHtmlCache Behavior ::run [ RunTime:0.000314s ]
INFO: [ app_begin ] --END-- [ RunTime:0.000344s ]

[ 2017-12-11T22:31:26+08:00 ] 192.168.43.44 /exercise/index.php/upload_file/upload_img
INFO: [ route_check ] --START--
INFO: CheckRoute Behavior ::run [ RunTime:0.001717s ]
INFO: [ route_check ] --END-- [ RunTime:0.001825s ]
NOTIC: [8192] preg_replace(): The /e modifier is deprecated, use preg_replace_callback instead F:\www\exercise\ThinkPHP\Lib\Core\Dispatcher.class.php 第 132 行.
INFO: [ app_begin ] --START--
INFO: ReadHtmlCache Behavior ::run [ RunTime:0.001078s ]
INFO: [ app_begin ] --END-- [ RunTime:0.001163s ]
NOTIC: [2] move_uploaded_file(./Public/Img/head_img/head_1513002686746.jpg): failed to open stream: No such file or directory F:\www\exercise\WEB\Lib\Action\upload_fileAction.class.php 第 22 行.
NOTIC: [2] move_uploaded_file(): Unable to move 'C:\xampp\tmp\phpD1A6.tmp' to './Public/Img/head_img/head_1513002686746.jpg' F:\www\exercise\WEB\Lib\Action\upload_fileAction.class.php 第 22 行.

[ 2017-12-11T22:32:12+08:00 ] 192.168.43.44 /exercise/index.php/upload_file/upload_img
INFO: [ route_check ] --START--
INFO: CheckRoute Behavior ::run [ RunTime:0.000895s ]
INFO: [ route_check ] --END-- [ RunTime:0.000987s ]
NOTIC: [8192] preg_replace(): The /e modifier is deprecated, use preg_replace_callback instead F:\www\exercise\ThinkPHP\Lib\Core\Dispatcher.class.php 第 132 行.
INFO: [ app_begin ] --START--
INFO: ReadHtmlCache Behavior ::run [ RunTime:0.000669s ]
INFO: [ app_begin ] --END-- [ RunTime:0.000738s ]
NOTIC: [2] move_uploaded_file(./Public/Img/head_img/head_1513002732750.jpg): failed to open stream: No such file or directory F:\www\exercise\WEB\Lib\Action\upload_fileAction.class.php 第 22 行.
NOTIC: [2] move_uploaded_file(): Unable to move 'C:\xampp\tmp\php8603.tmp' to './Public/Img/head_img/head_1513002732750.jpg' F:\www\exercise\WEB\Lib\Action\upload_fileAction.class.php 第 22 行.

[ 2017-12-11T22:36:07+08:00 ] 192.168.43.44 /exercise/index.php/upload_file/upload_img
INFO: [ route_check ] --START--
INFO: CheckRoute Behavior ::run [ RunTime:0.001361s ]
INFO: [ route_check ] --END-- [ RunTime:0.001448s ]
NOTIC: [8192] preg_replace(): The /e modifier is deprecated, use preg_replace_callback instead F:\www\exercise\ThinkPHP\Lib\Core\Dispatcher.class.php 第 132 行.
INFO: [ app_begin ] --START--
INFO: ReadHtmlCache Behavior ::run [ RunTime:0.001024s ]
INFO: [ app_begin ] --END-- [ RunTime:0.001096s ]
NOTIC: [2] move_uploaded_file(./Public/Img/head_img/head_1513002967993.JPG): failed to open stream: No such file or directory F:\www\exercise\WEB\Lib\Action\upload_fileAction.class.php 第 22 行.
NOTIC: [2] move_uploaded_file(): Unable to move 'C:\xampp\tmp\php17A7.tmp' to './Public/Img/head_img/head_1513002967993.JPG' F:\www\exercise\WEB\Lib\Action\upload_fileAction.class.php 第 22 行.

[ 2017-12-11T22:37:13+08:00 ] 192.168.43.44 /exercise/index.php/upload_file/upload_img
INFO: [ route_check ] --START--
INFO: CheckRoute Behavior ::run [ RunTime:0.001947s ]
INFO: [ route_check ] --END-- [ RunTime:0.002127s ]
NOTIC: [8192] preg_replace(): The /e modifier is deprecated, use preg_replace_callback instead F:\www\exercise\ThinkPHP\Lib\Core\Dispatcher.class.php 第 132 行.
INFO: [ app_begin ] --START--
INFO: ReadHtmlCache Behavior ::run [ RunTime:0.001275s ]
INFO: [ app_begin ] --END-- [ RunTime:0.001401s ]
NOTIC: [2] move_uploaded_file(./Public/Img/head_img/head_1513003033252.JPG): failed to open stream: No such file or directory F:\www\exercise\WEB\Lib\Action\upload_fileAction.class.php 第 22 行.
NOTIC: [2] move_uploaded_file(): Unable to move 'C:\xampp\tmp\php1CF3.tmp' to './Public/Img/head_img/head_1513003033252.JPG' F:\www\exercise\WEB\Lib\Action\upload_fileAction.class.php 第 22 行.

[ 2017-12-11T22:39:46+08:00 ] 192.168.43.44 /exercise/index.php/upload_file/upload_img
INFO: [ route_check ] --START--
INFO: CheckRoute Behavior ::run [ RunTime:0.001672s ]
INFO: [ route_check ] --END-- [ RunTime:0.001761s ]
NOTIC: [8192] preg_replace(): The /e modifier is deprecated, use preg_replace_callback instead F:\www\exercise\ThinkPHP\Lib\Core\Dispatcher.class.php 第 132 行.
INFO: [ app_begin ] --START--
INFO: ReadHtmlCache Behavior ::run [ RunTime:0.000855s ]
INFO: [ app_begin ] --END-- [ RunTime:0.000924s ]

[ 2017-12-11T22:40:26+08:00 ] 192.168.43.44 /exercise/index.php/upload_file/upload_img
INFO: [ route_check ] --START--
INFO: CheckRoute Behavior ::run [ RunTime:0.001101s ]
INFO: [ route_check ] --END-- [ RunTime:0.001215s ]
NOTIC: [8192] preg_replace(): The /e modifier is deprecated, use preg_replace_callback instead F:\www\exercise\ThinkPHP\Lib\Core\Dispatcher.class.php 第 132 行.
INFO: [ app_begin ] --START--
INFO: ReadHtmlCache Behavior ::run [ RunTime:0.000891s ]
INFO: [ app_begin ] --END-- [ RunTime:0.000985s ]
NOTIC: [2] move_uploaded_file(/Public/Img/head_img/head_1513003226306.jpg): failed to open stream: No such file or directory F:\www\exercise\WEB\Lib\Action\upload_fileAction.class.php 第 22 行.
NOTIC: [2] move_uploaded_file(): Unable to move 'C:\xampp\tmp\phpDB4.tmp' to '/Public/Img/head_img/head_1513003226306.jpg' F:\www\exercise\WEB\Lib\Action\upload_fileAction.class.php 第 22 行.

