[ 2017-12-02T00:47:10+08:00 ] 192.168.43.209 /exercise/index.php/User/register?phone_data=15687419654&password_data=123
INFO: [ route_check ] --START--
INFO: CheckRoute Behavior ::run [ RunTime:0.009838s ]
INFO: [ route_check ] --END-- [ RunTime:0.025570s ]
NOTIC: [8192] preg_replace(): The /e modifier is deprecated, use preg_replace_callback instead F:\www\exercise\ThinkPHP\Lib\Core\Dispatcher.class.php 第 132 行.
INFO: [ app_begin ] --START--
INFO: ReadHtmlCache Behavior ::run [ RunTime:0.013984s ]
INFO: [ app_begin ] --END-- [ RunTime:0.014040s ]
NOTIC: [8192] mysql_connect(): The mysql extension is deprecated and will be removed in the future: use mysqli or PDO instead F:\www\exercise\ThinkPHP\Lib\Driver\Db\DbMysql.class.php 第 55 行.
SQL: SHOW COLUMNS FROM `user` [ RunTime:0.061088s ]
NOTIC: [8192] preg_replace(): The /e modifier is deprecated, use preg_replace_callback instead F:\www\exercise\ThinkPHP\Lib\Core\Db.class.php 第 604 行.
SQL: SELECT * FROM `user` WHERE ( `phone`='15687419654' ) LIMIT 1   [ RunTime:0.004650s ]
SQL: INSERT INTO `user` (`phone`,`nicename`,`password`,`time`) VALUES ('15687419654','中国移动','202cb962ac59075b964b07152d234b70',1512146830) [ RunTime:0.078158s ]

[ 2017-12-02T00:47:10+08:00 ] 192.168.43.209 /exercise/index.php/User/register?phone_data=15687419654&password_data=123
INFO: [ route_check ] --START--
INFO: CheckRoute Behavior ::run [ RunTime:0.000712s ]
INFO: [ route_check ] --END-- [ RunTime:0.000781s ]
NOTIC: [8192] preg_replace(): The /e modifier is deprecated, use preg_replace_callback instead F:\www\exercise\ThinkPHP\Lib\Core\Dispatcher.class.php 第 132 行.
INFO: [ app_begin ] --START--
INFO: ReadHtmlCache Behavior ::run [ RunTime:0.000531s ]
INFO: [ app_begin ] --END-- [ RunTime:0.000570s ]
NOTIC: [8192] mysql_connect(): The mysql extension is deprecated and will be removed in the future: use mysqli or PDO instead F:\www\exercise\ThinkPHP\Lib\Driver\Db\DbMysql.class.php 第 55 行.
SQL: SHOW COLUMNS FROM `user` [ RunTime:0.004726s ]
NOTIC: [8192] preg_replace(): The /e modifier is deprecated, use preg_replace_callback instead F:\www\exercise\ThinkPHP\Lib\Core\Db.class.php 第 604 行.
SQL: SELECT * FROM `user` WHERE ( `phone`='15687419654' ) LIMIT 1   [ RunTime:0.000282s ]

[ 2017-12-02T00:48:08+08:00 ] 192.168.43.209 /exercise/index.php/User/register?phone_data=15687419650&password_data=123
INFO: [ route_check ] --START--
INFO: CheckRoute Behavior ::run [ RunTime:0.010167s ]
INFO: [ route_check ] --END-- [ RunTime:0.010234s ]
NOTIC: [8192] preg_replace(): The /e modifier is deprecated, use preg_replace_callback instead F:\www\exercise\ThinkPHP\Lib\Core\Dispatcher.class.php 第 132 行.
INFO: [ app_begin ] --START--
INFO: ReadHtmlCache Behavior ::run [ RunTime:0.001088s ]
INFO: [ app_begin ] --END-- [ RunTime:0.001124s ]
NOTIC: [8192] mysql_connect(): The mysql extension is deprecated and will be removed in the future: use mysqli or PDO instead F:\www\exercise\ThinkPHP\Lib\Driver\Db\DbMysql.class.php 第 55 行.
SQL: SHOW COLUMNS FROM `user` [ RunTime:0.012769s ]
NOTIC: [8192] preg_replace(): The /e modifier is deprecated, use preg_replace_callback instead F:\www\exercise\ThinkPHP\Lib\Core\Db.class.php 第 604 行.
SQL: SELECT * FROM `user` WHERE ( `phone`='15687419650' ) LIMIT 1   [ RunTime:0.000370s ]
SQL: INSERT INTO `user` (`phone`,`nicename`,`password`,`time`) VALUES ('15687419650','中国移动','202cb962ac59075b964b07152d234b70',1512146888) [ RunTime:0.180916s ]

[ 2017-12-02T00:49:35+08:00 ] 192.168.43.209 /exercise/index.php/User/register?phone_data=15687419659&password_data=123
INFO: [ route_check ] --START--
INFO: CheckRoute Behavior ::run [ RunTime:0.001965s ]
INFO: [ route_check ] --END-- [ RunTime:0.002108s ]
NOTIC: [8192] preg_replace(): The /e modifier is deprecated, use preg_replace_callback instead F:\www\exercise\ThinkPHP\Lib\Core\Dispatcher.class.php 第 132 行.
INFO: [ app_begin ] --START--
INFO: ReadHtmlCache Behavior ::run [ RunTime:0.000629s ]
INFO: [ app_begin ] --END-- [ RunTime:0.000660s ]
NOTIC: [8192] mysql_connect(): The mysql extension is deprecated and will be removed in the future: use mysqli or PDO instead F:\www\exercise\ThinkPHP\Lib\Driver\Db\DbMysql.class.php 第 55 行.
SQL: SHOW COLUMNS FROM `user` [ RunTime:0.013022s ]
NOTIC: [8192] preg_replace(): The /e modifier is deprecated, use preg_replace_callback instead F:\www\exercise\ThinkPHP\Lib\Core\Db.class.php 第 604 行.
SQL: SELECT * FROM `user` WHERE ( `phone`='15687419659' ) LIMIT 1   [ RunTime:0.000306s ]
SQL: INSERT INTO `user` (`phone`,`nicename`,`password`,`time`) VALUES ('15687419659','中国移动','202cb962ac59075b964b07152d234b70',1512146975) [ RunTime:0.059848s ]

[ 2017-12-02T00:51:13+08:00 ] 192.168.43.209 /exercise/index.php/User/register?phone_data=18876545211&password_data=123
INFO: [ route_check ] --START--
INFO: CheckRoute Behavior ::run [ RunTime:0.000403s ]
INFO: [ route_check ] --END-- [ RunTime:0.000448s ]
NOTIC: [8192] preg_replace(): The /e modifier is deprecated, use preg_replace_callback instead F:\www\exercise\ThinkPHP\Lib\Core\Dispatcher.class.php 第 132 行.
INFO: [ app_begin ] --START--
INFO: ReadHtmlCache Behavior ::run [ RunTime:0.000386s ]
INFO: [ app_begin ] --END-- [ RunTime:0.000413s ]
NOTIC: [8192] mysql_connect(): The mysql extension is deprecated and will be removed in the future: use mysqli or PDO instead F:\www\exercise\ThinkPHP\Lib\Driver\Db\DbMysql.class.php 第 55 行.
SQL: SHOW COLUMNS FROM `user` [ RunTime:0.010731s ]
NOTIC: [8192] preg_replace(): The /e modifier is deprecated, use preg_replace_callback instead F:\www\exercise\ThinkPHP\Lib\Core\Db.class.php 第 604 行.
SQL: SELECT * FROM `user` WHERE ( `phone`='18876545211' ) LIMIT 1   [ RunTime:0.000412s ]
SQL: INSERT INTO `user` (`phone`,`nicename`,`password`,`time`) VALUES ('18876545211','中国移动','202cb962ac59075b964b07152d234b70',1512147073) [ RunTime:0.080120s ]

[ 2017-12-02T00:52:54+08:00 ] 192.168.43.209 /exercise/index.php/User/register?phone_data=18867142140&password_data=123
INFO: [ route_check ] --START--
INFO: CheckRoute Behavior ::run [ RunTime:0.000839s ]
INFO: [ route_check ] --END-- [ RunTime:0.000889s ]
NOTIC: [8192] preg_replace(): The /e modifier is deprecated, use preg_replace_callback instead F:\www\exercise\ThinkPHP\Lib\Core\Dispatcher.class.php 第 132 行.
INFO: [ app_begin ] --START--
INFO: ReadHtmlCache Behavior ::run [ RunTime:0.000488s ]
INFO: [ app_begin ] --END-- [ RunTime:0.000524s ]
NOTIC: [8192] mysql_connect(): The mysql extension is deprecated and will be removed in the future: use mysqli or PDO instead F:\www\exercise\ThinkPHP\Lib\Driver\Db\DbMysql.class.php 第 55 行.
SQL: SHOW COLUMNS FROM `user` [ RunTime:0.011695s ]
NOTIC: [8192] preg_replace(): The /e modifier is deprecated, use preg_replace_callback instead F:\www\exercise\ThinkPHP\Lib\Core\Db.class.php 第 604 行.
SQL: SELECT * FROM `user` WHERE ( `phone`='18867142140' ) LIMIT 1   [ RunTime:0.000404s ]
SQL: INSERT INTO `user` (`phone`,`nicename`,`password`,`time`) VALUES ('18867142140','中国移动','202cb962ac59075b964b07152d234b70',1512147174) [ RunTime:0.062243s ]

[ 2017-12-02T01:39:33+08:00 ] 192.168.43.209 /exercise/index.php/User/register/User/register?phone_data=19857412156&password_data=123
INFO: [ route_check ] --START--
INFO: CheckRoute Behavior ::run [ RunTime:0.000785s ]
INFO: [ route_check ] --END-- [ RunTime:0.000876s ]
NOTIC: [8192] preg_replace(): The /e modifier is deprecated, use preg_replace_callback instead F:\www\exercise\ThinkPHP\Lib\Core\Dispatcher.class.php 第 132 行.
INFO: [ app_begin ] --START--
INFO: ReadHtmlCache Behavior ::run [ RunTime:0.000745s ]
INFO: [ app_begin ] --END-- [ RunTime:0.000827s ]
NOTIC: [8192] mysql_connect(): The mysql extension is deprecated and will be removed in the future: use mysqli or PDO instead F:\www\exercise\ThinkPHP\Lib\Driver\Db\DbMysql.class.php 第 55 行.
SQL: SHOW COLUMNS FROM `user` [ RunTime:0.012111s ]
NOTIC: [8192] preg_replace(): The /e modifier is deprecated, use preg_replace_callback instead F:\www\exercise\ThinkPHP\Lib\Core\Db.class.php 第 604 行.
SQL: SELECT * FROM `user` WHERE ( `phone`='19857412156' ) LIMIT 1   [ RunTime:0.000308s ]
SQL: INSERT INTO `user` (`phone`,`nicename`,`password`,`time`) VALUES ('19857412156','中国移动','202cb962ac59075b964b07152d234b70',1512149972) [ RunTime:0.053892s ]

[ 2017-12-02T01:41:56+08:00 ] 192.168.43.209 /exercise/index.php/User/register/User/get_user_info?phone_data=null
INFO: [ route_check ] --START--
INFO: CheckRoute Behavior ::run [ RunTime:0.001449s ]
INFO: [ route_check ] --END-- [ RunTime:0.001511s ]
NOTIC: [8192] preg_replace(): The /e modifier is deprecated, use preg_replace_callback instead F:\www\exercise\ThinkPHP\Lib\Core\Dispatcher.class.php 第 132 行.
INFO: [ app_begin ] --START--
INFO: ReadHtmlCache Behavior ::run [ RunTime:0.004643s ]
INFO: [ app_begin ] --END-- [ RunTime:0.004700s ]
NOTIC: [8] Undefined index: password_data F:\www\exercise\WEB\Lib\Action\UserAction.class.php 第 9 行.
NOTIC: [8192] mysql_connect(): The mysql extension is deprecated and will be removed in the future: use mysqli or PDO instead F:\www\exercise\ThinkPHP\Lib\Driver\Db\DbMysql.class.php 第 55 行.
SQL: SHOW COLUMNS FROM `user` [ RunTime:0.027638s ]
NOTIC: [8192] preg_replace(): The /e modifier is deprecated, use preg_replace_callback instead F:\www\exercise\ThinkPHP\Lib\Core\Db.class.php 第 604 行.
SQL: SELECT * FROM `user` WHERE ( `phone`='null' ) LIMIT 1   [ RunTime:0.000691s ]
SQL: INSERT INTO `user` (`phone`,`nicename`,`password`,`time`) VALUES ('null','中国移动','d41d8cd98f00b204e9800998ecf8427e',1512150116) [ RunTime:0.051770s ]

[ 2017-12-02T01:41:56+08:00 ] 192.168.43.209 /exercise/index.php/User/register/User/get_user_info?phone_data=null
INFO: [ route_check ] --START--
INFO: CheckRoute Behavior ::run [ RunTime:0.002814s ]
INFO: [ route_check ] --END-- [ RunTime:0.002899s ]
NOTIC: [8192] preg_replace(): The /e modifier is deprecated, use preg_replace_callback instead F:\www\exercise\ThinkPHP\Lib\Core\Dispatcher.class.php 第 132 行.
INFO: [ app_begin ] --START--
INFO: ReadHtmlCache Behavior ::run [ RunTime:0.000571s ]
INFO: [ app_begin ] --END-- [ RunTime:0.000644s ]
NOTIC: [8] Undefined index: password_data F:\www\exercise\WEB\Lib\Action\UserAction.class.php 第 9 行.
NOTIC: [8192] mysql_connect(): The mysql extension is deprecated and will be removed in the future: use mysqli or PDO instead F:\www\exercise\ThinkPHP\Lib\Driver\Db\DbMysql.class.php 第 55 行.
SQL: SHOW COLUMNS FROM `user` [ RunTime:0.028229s ]
NOTIC: [8192] preg_replace(): The /e modifier is deprecated, use preg_replace_callback instead F:\www\exercise\ThinkPHP\Lib\Core\Db.class.php 第 604 行.
SQL: SELECT * FROM `user` WHERE ( `phone`='null' ) LIMIT 1   [ RunTime:0.000203s ]

[ 2017-12-02T01:42:06+08:00 ] 192.168.43.209 /exercise/index.php/User/register/User/get_user_info?phone_data=null
INFO: [ route_check ] --START--
INFO: CheckRoute Behavior ::run [ RunTime:0.000471s ]
INFO: [ route_check ] --END-- [ RunTime:0.000520s ]
NOTIC: [8192] preg_replace(): The /e modifier is deprecated, use preg_replace_callback instead F:\www\exercise\ThinkPHP\Lib\Core\Dispatcher.class.php 第 132 行.
INFO: [ app_begin ] --START--
INFO: ReadHtmlCache Behavior ::run [ RunTime:0.000374s ]
INFO: [ app_begin ] --END-- [ RunTime:0.000409s ]
NOTIC: [8] Undefined index: password_data F:\www\exercise\WEB\Lib\Action\UserAction.class.php 第 9 行.
NOTIC: [8192] mysql_connect(): The mysql extension is deprecated and will be removed in the future: use mysqli or PDO instead F:\www\exercise\ThinkPHP\Lib\Driver\Db\DbMysql.class.php 第 55 行.
SQL: SHOW COLUMNS FROM `user` [ RunTime:0.037501s ]
NOTIC: [8192] preg_replace(): The /e modifier is deprecated, use preg_replace_callback instead F:\www\exercise\ThinkPHP\Lib\Core\Db.class.php 第 604 行.
SQL: SELECT * FROM `user` WHERE ( `phone`='null' ) LIMIT 1   [ RunTime:0.000227s ]

[ 2017-12-02T01:42:49+08:00 ] 192.168.43.209 /exercise/index.php/User/register/User/get_user_info?phone_data=null
INFO: [ route_check ] --START--
INFO: CheckRoute Behavior ::run [ RunTime:0.000816s ]
INFO: [ route_check ] --END-- [ RunTime:0.000881s ]
NOTIC: [8192] preg_replace(): The /e modifier is deprecated, use preg_replace_callback instead F:\www\exercise\ThinkPHP\Lib\Core\Dispatcher.class.php 第 132 行.
INFO: [ app_begin ] --START--
INFO: ReadHtmlCache Behavior ::run [ RunTime:0.000390s ]
INFO: [ app_begin ] --END-- [ RunTime:0.000428s ]
NOTIC: [8] Undefined index: password_data F:\www\exercise\WEB\Lib\Action\UserAction.class.php 第 9 行.
NOTIC: [8192] mysql_connect(): The mysql extension is deprecated and will be removed in the future: use mysqli or PDO instead F:\www\exercise\ThinkPHP\Lib\Driver\Db\DbMysql.class.php 第 55 行.
SQL: SHOW COLUMNS FROM `user` [ RunTime:0.085980s ]
NOTIC: [8192] preg_replace(): The /e modifier is deprecated, use preg_replace_callback instead F:\www\exercise\ThinkPHP\Lib\Core\Db.class.php 第 604 行.
SQL: SELECT * FROM `user` WHERE ( `phone`='null' ) LIMIT 1   [ RunTime:0.000239s ]

[ 2017-12-02T01:42:49+08:00 ] 192.168.43.209 /exercise/index.php/User/register/User/get_user_info?phone_data=null
INFO: [ route_check ] --START--
INFO: CheckRoute Behavior ::run [ RunTime:0.001885s ]
INFO: [ route_check ] --END-- [ RunTime:0.001938s ]
NOTIC: [8192] preg_replace(): The /e modifier is deprecated, use preg_replace_callback instead F:\www\exercise\ThinkPHP\Lib\Core\Dispatcher.class.php 第 132 行.
INFO: [ app_begin ] --START--
INFO: ReadHtmlCache Behavior ::run [ RunTime:0.000417s ]
INFO: [ app_begin ] --END-- [ RunTime:0.002680s ]
NOTIC: [8] Undefined index: password_data F:\www\exercise\WEB\Lib\Action\UserAction.class.php 第 9 行.
NOTIC: [8192] mysql_connect(): The mysql extension is deprecated and will be removed in the future: use mysqli or PDO instead F:\www\exercise\ThinkPHP\Lib\Driver\Db\DbMysql.class.php 第 55 行.
SQL: SHOW COLUMNS FROM `user` [ RunTime:0.079664s ]
NOTIC: [8192] preg_replace(): The /e modifier is deprecated, use preg_replace_callback instead F:\www\exercise\ThinkPHP\Lib\Core\Db.class.php 第 604 行.
SQL: SELECT * FROM `user` WHERE ( `phone`='null' ) LIMIT 1   [ RunTime:0.000192s ]

[ 2017-12-02T01:43:14+08:00 ] 192.168.43.209 /exercise/index.php/User/register/User/get_user_info?phone_data=null
INFO: [ route_check ] --START--
INFO: CheckRoute Behavior ::run [ RunTime:0.001190s ]
INFO: [ route_check ] --END-- [ RunTime:0.001255s ]
NOTIC: [8192] preg_replace(): The /e modifier is deprecated, use preg_replace_callback instead F:\www\exercise\ThinkPHP\Lib\Core\Dispatcher.class.php 第 132 行.
INFO: [ app_begin ] --START--
INFO: ReadHtmlCache Behavior ::run [ RunTime:0.000418s ]
INFO: [ app_begin ] --END-- [ RunTime:0.000452s ]
NOTIC: [8] Undefined index: password_data F:\www\exercise\WEB\Lib\Action\UserAction.class.php 第 9 行.
NOTIC: [8192] mysql_connect(): The mysql extension is deprecated and will be removed in the future: use mysqli or PDO instead F:\www\exercise\ThinkPHP\Lib\Driver\Db\DbMysql.class.php 第 55 行.
SQL: SHOW COLUMNS FROM `user` [ RunTime:0.099548s ]
NOTIC: [8192] preg_replace(): The /e modifier is deprecated, use preg_replace_callback instead F:\www\exercise\ThinkPHP\Lib\Core\Db.class.php 第 604 行.
SQL: SELECT * FROM `user` WHERE ( `phone`='null' ) LIMIT 1   [ RunTime:0.000347s ]

[ 2017-12-02T01:43:14+08:00 ] 192.168.43.209 /exercise/index.php/User/register/User/get_user_info?phone_data=null
INFO: [ route_check ] --START--
INFO: CheckRoute Behavior ::run [ RunTime:0.000466s ]
INFO: [ route_check ] --END-- [ RunTime:0.000519s ]
NOTIC: [8192] preg_replace(): The /e modifier is deprecated, use preg_replace_callback instead F:\www\exercise\ThinkPHP\Lib\Core\Dispatcher.class.php 第 132 行.
INFO: [ app_begin ] --START--
INFO: ReadHtmlCache Behavior ::run [ RunTime:0.000366s ]
INFO: [ app_begin ] --END-- [ RunTime:0.000398s ]
NOTIC: [8] Undefined index: password_data F:\www\exercise\WEB\Lib\Action\UserAction.class.php 第 9 行.
NOTIC: [8192] mysql_connect(): The mysql extension is deprecated and will be removed in the future: use mysqli or PDO instead F:\www\exercise\ThinkPHP\Lib\Driver\Db\DbMysql.class.php 第 55 行.
SQL: SHOW COLUMNS FROM `user` [ RunTime:0.086611s ]
NOTIC: [8192] preg_replace(): The /e modifier is deprecated, use preg_replace_callback instead F:\www\exercise\ThinkPHP\Lib\Core\Db.class.php 第 604 行.
SQL: SELECT * FROM `user` WHERE ( `phone`='null' ) LIMIT 1   [ RunTime:0.000221s ]

[ 2017-12-02T01:44:07+08:00 ] 192.168.43.209 /exercise/index.php/User/register/User/get_user_info?phone_data=null
INFO: [ route_check ] --START--
INFO: CheckRoute Behavior ::run [ RunTime:0.000982s ]
INFO: [ route_check ] --END-- [ RunTime:0.001060s ]
NOTIC: [8192] preg_replace(): The /e modifier is deprecated, use preg_replace_callback instead F:\www\exercise\ThinkPHP\Lib\Core\Dispatcher.class.php 第 132 行.
INFO: [ app_begin ] --START--
INFO: ReadHtmlCache Behavior ::run [ RunTime:0.000868s ]
INFO: [ app_begin ] --END-- [ RunTime:0.001173s ]
NOTIC: [8] Undefined index: password_data F:\www\exercise\WEB\Lib\Action\UserAction.class.php 第 9 行.
NOTIC: [8192] mysql_connect(): The mysql extension is deprecated and will be removed in the future: use mysqli or PDO instead F:\www\exercise\ThinkPHP\Lib\Driver\Db\DbMysql.class.php 第 55 行.
SQL: SHOW COLUMNS FROM `user` [ RunTime:0.020197s ]
NOTIC: [8192] preg_replace(): The /e modifier is deprecated, use preg_replace_callback instead F:\www\exercise\ThinkPHP\Lib\Core\Db.class.php 第 604 行.
SQL: SELECT * FROM `user` WHERE ( `phone`='null' ) LIMIT 1   [ RunTime:0.000277s ]

[ 2017-12-02T01:44:07+08:00 ] 192.168.43.209 /exercise/index.php/User/register/User/get_user_info?phone_data=null
INFO: [ route_check ] --START--
INFO: CheckRoute Behavior ::run [ RunTime:0.000771s ]
INFO: [ route_check ] --END-- [ RunTime:0.000826s ]
NOTIC: [8192] preg_replace(): The /e modifier is deprecated, use preg_replace_callback instead F:\www\exercise\ThinkPHP\Lib\Core\Dispatcher.class.php 第 132 行.
INFO: [ app_begin ] --START--
INFO: ReadHtmlCache Behavior ::run [ RunTime:0.000469s ]
INFO: [ app_begin ] --END-- [ RunTime:0.000528s ]
NOTIC: [8] Undefined index: password_data F:\www\exercise\WEB\Lib\Action\UserAction.class.php 第 9 行.
NOTIC: [8192] mysql_connect(): The mysql extension is deprecated and will be removed in the future: use mysqli or PDO instead F:\www\exercise\ThinkPHP\Lib\Driver\Db\DbMysql.class.php 第 55 行.
SQL: SHOW COLUMNS FROM `user` [ RunTime:0.004459s ]
NOTIC: [8192] preg_replace(): The /e modifier is deprecated, use preg_replace_callback instead F:\www\exercise\ThinkPHP\Lib\Core\Db.class.php 第 604 行.
SQL: SELECT * FROM `user` WHERE ( `phone`='null' ) LIMIT 1   [ RunTime:0.000263s ]

[ 2017-12-02T01:44:17+08:00 ] 192.168.43.209 /exercise/index.php/User/register/User/get_user_info?phone_data=null
INFO: [ route_check ] --START--
INFO: CheckRoute Behavior ::run [ RunTime:0.000549s ]
INFO: [ route_check ] --END-- [ RunTime:0.000611s ]
NOTIC: [8192] preg_replace(): The /e modifier is deprecated, use preg_replace_callback instead F:\www\exercise\ThinkPHP\Lib\Core\Dispatcher.class.php 第 132 行.
INFO: [ app_begin ] --START--
INFO: ReadHtmlCache Behavior ::run [ RunTime:0.000752s ]
INFO: [ app_begin ] --END-- [ RunTime:0.000791s ]
NOTIC: [8] Undefined index: password_data F:\www\exercise\WEB\Lib\Action\UserAction.class.php 第 9 行.
NOTIC: [8192] mysql_connect(): The mysql extension is deprecated and will be removed in the future: use mysqli or PDO instead F:\www\exercise\ThinkPHP\Lib\Driver\Db\DbMysql.class.php 第 55 行.
SQL: SHOW COLUMNS FROM `user` [ RunTime:0.025946s ]
NOTIC: [8192] preg_replace(): The /e modifier is deprecated, use preg_replace_callback instead F:\www\exercise\ThinkPHP\Lib\Core\Db.class.php 第 604 行.
SQL: SELECT * FROM `user` WHERE ( `phone`='null' ) LIMIT 1   [ RunTime:0.000537s ]

[ 2017-12-02T01:44:17+08:00 ] 192.168.43.209 /exercise/index.php/User/register/User/get_user_info?phone_data=null
INFO: [ route_check ] --START--
INFO: CheckRoute Behavior ::run [ RunTime:0.000534s ]
INFO: [ route_check ] --END-- [ RunTime:0.000587s ]
NOTIC: [8192] preg_replace(): The /e modifier is deprecated, use preg_replace_callback instead F:\www\exercise\ThinkPHP\Lib\Core\Dispatcher.class.php 第 132 行.
INFO: [ app_begin ] --START--
INFO: ReadHtmlCache Behavior ::run [ RunTime:0.000350s ]
INFO: [ app_begin ] --END-- [ RunTime:0.000411s ]
NOTIC: [8] Undefined index: password_data F:\www\exercise\WEB\Lib\Action\UserAction.class.php 第 9 行.
NOTIC: [8192] mysql_connect(): The mysql extension is deprecated and will be removed in the future: use mysqli or PDO instead F:\www\exercise\ThinkPHP\Lib\Driver\Db\DbMysql.class.php 第 55 行.
SQL: SHOW COLUMNS FROM `user` [ RunTime:0.007580s ]
NOTIC: [8192] preg_replace(): The /e modifier is deprecated, use preg_replace_callback instead F:\www\exercise\ThinkPHP\Lib\Core\Db.class.php 第 604 行.
SQL: SELECT * FROM `user` WHERE ( `phone`='null' ) LIMIT 1   [ RunTime:0.000247s ]

[ 2017-12-02T01:44:53+08:00 ] 192.168.43.209 /exercise/index.php/User/register/User/register?phone_data=19857412150&password_data=222
INFO: [ route_check ] --START--
INFO: CheckRoute Behavior ::run [ RunTime:0.000626s ]
INFO: [ route_check ] --END-- [ RunTime:0.000760s ]
NOTIC: [8192] preg_replace(): The /e modifier is deprecated, use preg_replace_callback instead F:\www\exercise\ThinkPHP\Lib\Core\Dispatcher.class.php 第 132 行.
INFO: [ app_begin ] --START--
INFO: ReadHtmlCache Behavior ::run [ RunTime:0.000595s ]
INFO: [ app_begin ] --END-- [ RunTime:0.000625s ]
NOTIC: [8192] mysql_connect(): The mysql extension is deprecated and will be removed in the future: use mysqli or PDO instead F:\www\exercise\ThinkPHP\Lib\Driver\Db\DbMysql.class.php 第 55 行.
SQL: SHOW COLUMNS FROM `user` [ RunTime:0.015478s ]
NOTIC: [8192] preg_replace(): The /e modifier is deprecated, use preg_replace_callback instead F:\www\exercise\ThinkPHP\Lib\Core\Db.class.php 第 604 行.
SQL: SELECT * FROM `user` WHERE ( `phone`='19857412150' ) LIMIT 1   [ RunTime:0.000456s ]
SQL: INSERT INTO `user` (`phone`,`nicename`,`password`,`time`) VALUES ('19857412150','中国移动','bcbe3365e6ac95ea2c0343a2395834dd',1512150293) [ RunTime:0.173882s ]

[ 2017-12-02T01:44:55+08:00 ] 192.168.43.209 /exercise/index.php/User/register/User/get_user_info?phone_data=19857412150
INFO: [ route_check ] --START--
INFO: CheckRoute Behavior ::run [ RunTime:0.000601s ]
INFO: [ route_check ] --END-- [ RunTime:0.000645s ]
NOTIC: [8192] preg_replace(): The /e modifier is deprecated, use preg_replace_callback instead F:\www\exercise\ThinkPHP\Lib\Core\Dispatcher.class.php 第 132 行.
INFO: [ app_begin ] --START--
INFO: ReadHtmlCache Behavior ::run [ RunTime:0.000383s ]
INFO: [ app_begin ] --END-- [ RunTime:0.000413s ]
NOTIC: [8] Undefined index: password_data F:\www\exercise\WEB\Lib\Action\UserAction.class.php 第 9 行.
NOTIC: [8192] mysql_connect(): The mysql extension is deprecated and will be removed in the future: use mysqli or PDO instead F:\www\exercise\ThinkPHP\Lib\Driver\Db\DbMysql.class.php 第 55 行.
SQL: SHOW COLUMNS FROM `user` [ RunTime:0.011289s ]
NOTIC: [8192] preg_replace(): The /e modifier is deprecated, use preg_replace_callback instead F:\www\exercise\ThinkPHP\Lib\Core\Db.class.php 第 604 行.
SQL: SELECT * FROM `user` WHERE ( `phone`='19857412150' ) LIMIT 1   [ RunTime:0.000327s ]

[ 2017-12-02T01:47:23+08:00 ] 192.168.43.209 /exercise/index.php/User/register/User/get_user_info?phone_data=null
INFO: [ route_check ] --START--
INFO: CheckRoute Behavior ::run [ RunTime:0.001189s ]
INFO: [ route_check ] --END-- [ RunTime:0.001279s ]
NOTIC: [8192] preg_replace(): The /e modifier is deprecated, use preg_replace_callback instead F:\www\exercise\ThinkPHP\Lib\Core\Dispatcher.class.php 第 132 行.
INFO: [ app_begin ] --START--
INFO: ReadHtmlCache Behavior ::run [ RunTime:0.001046s ]
INFO: [ app_begin ] --END-- [ RunTime:0.001145s ]
NOTIC: [8] Undefined index: password_data F:\www\exercise\WEB\Lib\Action\UserAction.class.php 第 9 行.
NOTIC: [8192] mysql_connect(): The mysql extension is deprecated and will be removed in the future: use mysqli or PDO instead F:\www\exercise\ThinkPHP\Lib\Driver\Db\DbMysql.class.php 第 55 行.
SQL: SHOW COLUMNS FROM `user` [ RunTime:0.011044s ]
NOTIC: [8192] preg_replace(): The /e modifier is deprecated, use preg_replace_callback instead F:\www\exercise\ThinkPHP\Lib\Core\Db.class.php 第 604 行.
SQL: SELECT * FROM `user` WHERE ( `phone`='null' ) LIMIT 1   [ RunTime:0.000370s ]

[ 2017-12-02T01:47:44+08:00 ] 192.168.43.209 /exercise/index.php/User/register/User/get_user_info?phone_data=null
INFO: [ route_check ] --START--
INFO: CheckRoute Behavior ::run [ RunTime:0.000503s ]
INFO: [ route_check ] --END-- [ RunTime:0.000549s ]
NOTIC: [8192] preg_replace(): The /e modifier is deprecated, use preg_replace_callback instead F:\www\exercise\ThinkPHP\Lib\Core\Dispatcher.class.php 第 132 行.
INFO: [ app_begin ] --START--
INFO: ReadHtmlCache Behavior ::run [ RunTime:0.000352s ]
INFO: [ app_begin ] --END-- [ RunTime:0.000382s ]
NOTIC: [8] Undefined index: password_data F:\www\exercise\WEB\Lib\Action\UserAction.class.php 第 9 行.
NOTIC: [8192] mysql_connect(): The mysql extension is deprecated and will be removed in the future: use mysqli or PDO instead F:\www\exercise\ThinkPHP\Lib\Driver\Db\DbMysql.class.php 第 55 行.
SQL: SHOW COLUMNS FROM `user` [ RunTime:0.042941s ]
NOTIC: [8192] preg_replace(): The /e modifier is deprecated, use preg_replace_callback instead F:\www\exercise\ThinkPHP\Lib\Core\Db.class.php 第 604 行.
SQL: SELECT * FROM `user` WHERE ( `phone`='null' ) LIMIT 1   [ RunTime:0.000308s ]

[ 2017-12-02T01:47:50+08:00 ] 192.168.43.209 /exercise/index.php/User/register/User/get_user_info?phone_data=null
INFO: [ route_check ] --START--
INFO: CheckRoute Behavior ::run [ RunTime:0.000439s ]
INFO: [ route_check ] --END-- [ RunTime:0.000487s ]
NOTIC: [8192] preg_replace(): The /e modifier is deprecated, use preg_replace_callback instead F:\www\exercise\ThinkPHP\Lib\Core\Dispatcher.class.php 第 132 行.
INFO: [ app_begin ] --START--
INFO: ReadHtmlCache Behavior ::run [ RunTime:0.000293s ]
INFO: [ app_begin ] --END-- [ RunTime:0.000324s ]
NOTIC: [8] Undefined index: password_data F:\www\exercise\WEB\Lib\Action\UserAction.class.php 第 9 行.
NOTIC: [8192] mysql_connect(): The mysql extension is deprecated and will be removed in the future: use mysqli or PDO instead F:\www\exercise\ThinkPHP\Lib\Driver\Db\DbMysql.class.php 第 55 行.
SQL: SHOW COLUMNS FROM `user` [ RunTime:0.011000s ]
NOTIC: [8192] preg_replace(): The /e modifier is deprecated, use preg_replace_callback instead F:\www\exercise\ThinkPHP\Lib\Core\Db.class.php 第 604 行.
SQL: SELECT * FROM `user` WHERE ( `phone`='null' ) LIMIT 1   [ RunTime:0.000279s ]

[ 2017-12-02T01:48:24+08:00 ] 192.168.43.209 /exercise/index.php/User/register/User/get_user_info?phone_data=null
INFO: [ route_check ] --START--
INFO: CheckRoute Behavior ::run [ RunTime:0.000577s ]
INFO: [ route_check ] --END-- [ RunTime:0.000805s ]
NOTIC: [8192] preg_replace(): The /e modifier is deprecated, use preg_replace_callback instead F:\www\exercise\ThinkPHP\Lib\Core\Dispatcher.class.php 第 132 行.
INFO: [ app_begin ] --START--
INFO: ReadHtmlCache Behavior ::run [ RunTime:0.000392s ]
INFO: [ app_begin ] --END-- [ RunTime:0.000427s ]
NOTIC: [8] Undefined index: password_data F:\www\exercise\WEB\Lib\Action\UserAction.class.php 第 9 行.
NOTIC: [8192] mysql_connect(): The mysql extension is deprecated and will be removed in the future: use mysqli or PDO instead F:\www\exercise\ThinkPHP\Lib\Driver\Db\DbMysql.class.php 第 55 行.
SQL: SHOW COLUMNS FROM `user` [ RunTime:0.021112s ]
NOTIC: [8192] preg_replace(): The /e modifier is deprecated, use preg_replace_callback instead F:\www\exercise\ThinkPHP\Lib\Core\Db.class.php 第 604 行.
SQL: SELECT * FROM `user` WHERE ( `phone`='null' ) LIMIT 1   [ RunTime:0.000252s ]

[ 2017-12-02T01:48:24+08:00 ] 192.168.43.209 /exercise/index.php/User/register/User/get_user_info?phone_data=null
INFO: [ route_check ] --START--
INFO: CheckRoute Behavior ::run [ RunTime:0.000872s ]
INFO: [ route_check ] --END-- [ RunTime:0.000932s ]
NOTIC: [8192] preg_replace(): The /e modifier is deprecated, use preg_replace_callback instead F:\www\exercise\ThinkPHP\Lib\Core\Dispatcher.class.php 第 132 行.
INFO: [ app_begin ] --START--
INFO: ReadHtmlCache Behavior ::run [ RunTime:0.000667s ]
INFO: [ app_begin ] --END-- [ RunTime:0.000758s ]
NOTIC: [8] Undefined index: password_data F:\www\exercise\WEB\Lib\Action\UserAction.class.php 第 9 行.
NOTIC: [8192] mysql_connect(): The mysql extension is deprecated and will be removed in the future: use mysqli or PDO instead F:\www\exercise\ThinkPHP\Lib\Driver\Db\DbMysql.class.php 第 55 行.
SQL: SHOW COLUMNS FROM `user` [ RunTime:0.007725s ]
NOTIC: [8192] preg_replace(): The /e modifier is deprecated, use preg_replace_callback instead F:\www\exercise\ThinkPHP\Lib\Core\Db.class.php 第 604 行.
SQL: SELECT * FROM `user` WHERE ( `phone`='null' ) LIMIT 1   [ RunTime:0.000305s ]

[ 2017-12-02T01:48:36+08:00 ] 192.168.43.209 /exercise/index.php/User/register/User/get_user_info?phone_data=null
INFO: [ route_check ] --START--
INFO: CheckRoute Behavior ::run [ RunTime:0.000490s ]
INFO: [ route_check ] --END-- [ RunTime:0.000543s ]
NOTIC: [8192] preg_replace(): The /e modifier is deprecated, use preg_replace_callback instead F:\www\exercise\ThinkPHP\Lib\Core\Dispatcher.class.php 第 132 行.
INFO: [ app_begin ] --START--
INFO: ReadHtmlCache Behavior ::run [ RunTime:0.000357s ]
INFO: [ app_begin ] --END-- [ RunTime:0.000392s ]
NOTIC: [8] Undefined index: password_data F:\www\exercise\WEB\Lib\Action\UserAction.class.php 第 9 行.
NOTIC: [8192] mysql_connect(): The mysql extension is deprecated and will be removed in the future: use mysqli or PDO instead F:\www\exercise\ThinkPHP\Lib\Driver\Db\DbMysql.class.php 第 55 行.
SQL: SHOW COLUMNS FROM `user` [ RunTime:0.023008s ]
NOTIC: [8192] preg_replace(): The /e modifier is deprecated, use preg_replace_callback instead F:\www\exercise\ThinkPHP\Lib\Core\Db.class.php 第 604 行.
SQL: SELECT * FROM `user` WHERE ( `phone`='null' ) LIMIT 1   [ RunTime:0.000214s ]

[ 2017-12-02T01:48:36+08:00 ] 192.168.43.209 /exercise/index.php/User/register/User/get_user_info?phone_data=null
INFO: [ route_check ] --START--
INFO: CheckRoute Behavior ::run [ RunTime:0.000576s ]
INFO: [ route_check ] --END-- [ RunTime:0.000625s ]
NOTIC: [8192] preg_replace(): The /e modifier is deprecated, use preg_replace_callback instead F:\www\exercise\ThinkPHP\Lib\Core\Dispatcher.class.php 第 132 行.
INFO: [ app_begin ] --START--
INFO: ReadHtmlCache Behavior ::run [ RunTime:0.000383s ]
INFO: [ app_begin ] --END-- [ RunTime:0.000413s ]
NOTIC: [8] Undefined index: password_data F:\www\exercise\WEB\Lib\Action\UserAction.class.php 第 9 行.
NOTIC: [8192] mysql_connect(): The mysql extension is deprecated and will be removed in the future: use mysqli or PDO instead F:\www\exercise\ThinkPHP\Lib\Driver\Db\DbMysql.class.php 第 55 行.
SQL: SHOW COLUMNS FROM `user` [ RunTime:0.006262s ]
NOTIC: [8192] preg_replace(): The /e modifier is deprecated, use preg_replace_callback instead F:\www\exercise\ThinkPHP\Lib\Core\Db.class.php 第 604 行.
SQL: SELECT * FROM `user` WHERE ( `phone`='null' ) LIMIT 1   [ RunTime:0.000267s ]

[ 2017-12-02T01:49:51+08:00 ] 192.168.43.209 /exercise/index.php/User/register/User/get_user_info?phone_data=null
INFO: [ route_check ] --START--
INFO: CheckRoute Behavior ::run [ RunTime:0.001070s ]
INFO: [ route_check ] --END-- [ RunTime:0.001131s ]
NOTIC: [8192] preg_replace(): The /e modifier is deprecated, use preg_replace_callback instead F:\www\exercise\ThinkPHP\Lib\Core\Dispatcher.class.php 第 132 行.
INFO: [ app_begin ] --START--
INFO: ReadHtmlCache Behavior ::run [ RunTime:0.000857s ]
INFO: [ app_begin ] --END-- [ RunTime:0.000951s ]
NOTIC: [8] Undefined index: password_data F:\www\exercise\WEB\Lib\Action\UserAction.class.php 第 9 行.
NOTIC: [8192] mysql_connect(): The mysql extension is deprecated and will be removed in the future: use mysqli or PDO instead F:\www\exercise\ThinkPHP\Lib\Driver\Db\DbMysql.class.php 第 55 行.
SQL: SHOW COLUMNS FROM `user` [ RunTime:0.017801s ]
NOTIC: [8192] preg_replace(): The /e modifier is deprecated, use preg_replace_callback instead F:\www\exercise\ThinkPHP\Lib\Core\Db.class.php 第 604 行.
SQL: SELECT * FROM `user` WHERE ( `phone`='null' ) LIMIT 1   [ RunTime:0.000237s ]

[ 2017-12-02T01:49:52+08:00 ] 192.168.43.209 /exercise/index.php/User/register/User/get_user_info?phone_data=null
INFO: [ route_check ] --START--
INFO: CheckRoute Behavior ::run [ RunTime:0.000540s ]
INFO: [ route_check ] --END-- [ RunTime:0.000607s ]
NOTIC: [8192] preg_replace(): The /e modifier is deprecated, use preg_replace_callback instead F:\www\exercise\ThinkPHP\Lib\Core\Dispatcher.class.php 第 132 行.
INFO: [ app_begin ] --START--
INFO: ReadHtmlCache Behavior ::run [ RunTime:0.000870s ]
INFO: [ app_begin ] --END-- [ RunTime:0.001101s ]
NOTIC: [8] Undefined index: password_data F:\www\exercise\WEB\Lib\Action\UserAction.class.php 第 9 行.
NOTIC: [8192] mysql_connect(): The mysql extension is deprecated and will be removed in the future: use mysqli or PDO instead F:\www\exercise\ThinkPHP\Lib\Driver\Db\DbMysql.class.php 第 55 行.
SQL: SHOW COLUMNS FROM `user` [ RunTime:0.055474s ]
NOTIC: [8192] preg_replace(): The /e modifier is deprecated, use preg_replace_callback instead F:\www\exercise\ThinkPHP\Lib\Core\Db.class.php 第 604 行.
SQL: SELECT * FROM `user` WHERE ( `phone`='null' ) LIMIT 1   [ RunTime:0.000312s ]

[ 2017-12-02T01:49:59+08:00 ] 192.168.43.209 /exercise/index.php/User/register/User/get_user_info?phone_data=null
INFO: [ route_check ] --START--
INFO: CheckRoute Behavior ::run [ RunTime:0.000694s ]
INFO: [ route_check ] --END-- [ RunTime:0.000816s ]
NOTIC: [8192] preg_replace(): The /e modifier is deprecated, use preg_replace_callback instead F:\www\exercise\ThinkPHP\Lib\Core\Dispatcher.class.php 第 132 行.
INFO: [ app_begin ] --START--
INFO: ReadHtmlCache Behavior ::run [ RunTime:0.000505s ]
INFO: [ app_begin ] --END-- [ RunTime:0.000577s ]
NOTIC: [8] Undefined index: password_data F:\www\exercise\WEB\Lib\Action\UserAction.class.php 第 9 行.
NOTIC: [8192] mysql_connect(): The mysql extension is deprecated and will be removed in the future: use mysqli or PDO instead F:\www\exercise\ThinkPHP\Lib\Driver\Db\DbMysql.class.php 第 55 行.
SQL: SHOW COLUMNS FROM `user` [ RunTime:0.024545s ]
NOTIC: [8192] preg_replace(): The /e modifier is deprecated, use preg_replace_callback instead F:\www\exercise\ThinkPHP\Lib\Core\Db.class.php 第 604 行.
SQL: SELECT * FROM `user` WHERE ( `phone`='null' ) LIMIT 1   [ RunTime:0.000484s ]

[ 2017-12-02T01:49:59+08:00 ] 192.168.43.209 /exercise/index.php/User/register/User/get_user_info?phone_data=null
INFO: [ route_check ] --START--
INFO: CheckRoute Behavior ::run [ RunTime:0.000429s ]
INFO: [ route_check ] --END-- [ RunTime:0.000483s ]
NOTIC: [8192] preg_replace(): The /e modifier is deprecated, use preg_replace_callback instead F:\www\exercise\ThinkPHP\Lib\Core\Dispatcher.class.php 第 132 行.
INFO: [ app_begin ] --START--
INFO: ReadHtmlCache Behavior ::run [ RunTime:0.000334s ]
INFO: [ app_begin ] --END-- [ RunTime:0.000365s ]
NOTIC: [8] Undefined index: password_data F:\www\exercise\WEB\Lib\Action\UserAction.class.php 第 9 行.
NOTIC: [8192] mysql_connect(): The mysql extension is deprecated and will be removed in the future: use mysqli or PDO instead F:\www\exercise\ThinkPHP\Lib\Driver\Db\DbMysql.class.php 第 55 行.
SQL: SHOW COLUMNS FROM `user` [ RunTime:0.008339s ]
NOTIC: [8192] preg_replace(): The /e modifier is deprecated, use preg_replace_callback instead F:\www\exercise\ThinkPHP\Lib\Core\Db.class.php 第 604 行.
SQL: SELECT * FROM `user` WHERE ( `phone`='null' ) LIMIT 1   [ RunTime:0.000313s ]

[ 2017-12-02T01:55:52+08:00 ] 192.168.43.209 /exercise/index.php/User/register
INFO: [ route_check ] --START--
INFO: CheckRoute Behavior ::run [ RunTime:0.001583s ]
INFO: [ route_check ] --END-- [ RunTime:0.001751s ]
NOTIC: [8192] preg_replace(): The /e modifier is deprecated, use preg_replace_callback instead F:\www\exercise\ThinkPHP\Lib\Core\Dispatcher.class.php 第 132 行.
INFO: [ app_begin ] --START--
INFO: ReadHtmlCache Behavior ::run [ RunTime:0.000617s ]
INFO: [ app_begin ] --END-- [ RunTime:0.000657s ]
NOTIC: [8] Undefined index: phone_data F:\www\exercise\WEB\Lib\Action\UserAction.class.php 第 8 行.
NOTIC: [8] Undefined index: password_data F:\www\exercise\WEB\Lib\Action\UserAction.class.php 第 9 行.
NOTIC: [8192] mysql_connect(): The mysql extension is deprecated and will be removed in the future: use mysqli or PDO instead F:\www\exercise\ThinkPHP\Lib\Driver\Db\DbMysql.class.php 第 55 行.
SQL: SHOW COLUMNS FROM `user` [ RunTime:0.024910s ]
NOTIC: [8192] preg_replace(): The /e modifier is deprecated, use preg_replace_callback instead F:\www\exercise\ThinkPHP\Lib\Core\Db.class.php 第 604 行.
SQL: SELECT * FROM `user` WHERE ( `phone`='' ) LIMIT 1   [ RunTime:0.000652s ]
SQL: INSERT INTO `user` (`phone`,`nicename`,`password`,`time`) VALUES (null,'中国移动','d41d8cd98f00b204e9800998ecf8427e',1512150952) [ RunTime:0.223530s ]
ERR: 1048:Column 'phone' cannot be null
 [ SQL语句 ] : INSERT INTO `user` (`phone`,`nicename`,`password`,`time`) VALUES (null,'中国移动','d41d8cd98f00b204e9800998ecf8427e',1512150952)

[ 2017-12-02T01:55:58+08:00 ] 192.168.43.209 /exercise/
INFO: [ app_begin ] --START--
INFO: ReadHtmlCache Behavior ::run [ RunTime:0.000345s ]
INFO: [ app_begin ] --END-- [ RunTime:0.000386s ]
INFO: [ view_parse ] --START--
INFO: ParseTemplate Behavior ::run [ RunTime:0.121819s ]
INFO: [ view_parse ] --END-- [ RunTime:0.121871s ]
INFO: [ view_filter ] --START--
NOTIC: [8] Use of undefined constant APP_TMPL_PATH - assumed 'APP_TMPL_PATH' F:\www\exercise\ThinkPHP\Lib\Behavior\ContentReplaceBehavior.class.php 第 40 行.
NOTIC: [8] Use of undefined constant APP_TMPL_PATH - assumed 'APP_TMPL_PATH' F:\www\exercise\ThinkPHP\Lib\Behavior\ContentReplaceBehavior.class.php 第 47 行.
INFO: ContentReplace Behavior ::run [ RunTime:0.036903s ]
INFO: TokenBuild Behavior ::run [ RunTime:0.018114s ]
INFO: WriteHtmlCache Behavior ::run [ RunTime:0.010334s ]
INFO: ShowRuntime Behavior ::run [ RunTime:0.016784s ]
INFO: [ view_filter ] --END-- [ RunTime:0.082275s ]
INFO: [ view_end ] --START--
INFO: ShowPageTrace Behavior ::run [ RunTime:0.010701s ]
INFO: [ view_end ] --END-- [ RunTime:0.010739s ]

[ 2017-12-02T01:58:07+08:00 ] 192.168.43.209 /exercise/index.php/User/register/User/get_user_info?phone_data=null
INFO: [ route_check ] --START--
INFO: CheckRoute Behavior ::run [ RunTime:0.008310s ]
INFO: [ route_check ] --END-- [ RunTime:0.008370s ]
NOTIC: [8192] preg_replace(): The /e modifier is deprecated, use preg_replace_callback instead F:\www\exercise\ThinkPHP\Lib\Core\Dispatcher.class.php 第 132 行.
INFO: [ app_begin ] --START--
INFO: ReadHtmlCache Behavior ::run [ RunTime:0.003365s ]
INFO: [ app_begin ] --END-- [ RunTime:0.003435s ]
NOTIC: [8] Undefined index: password_data F:\www\exercise\WEB\Lib\Action\UserAction.class.php 第 9 行.
NOTIC: [8192] mysql_connect(): The mysql extension is deprecated and will be removed in the future: use mysqli or PDO instead F:\www\exercise\ThinkPHP\Lib\Driver\Db\DbMysql.class.php 第 55 行.
SQL: SHOW COLUMNS FROM `user` [ RunTime:0.017868s ]
NOTIC: [8192] preg_replace(): The /e modifier is deprecated, use preg_replace_callback instead F:\www\exercise\ThinkPHP\Lib\Core\Db.class.php 第 604 行.
SQL: SELECT * FROM `user` WHERE ( `phone`='null' ) LIMIT 1   [ RunTime:0.000532s ]
SQL: INSERT INTO `user` (`phone`,`nicename`,`password`,`time`) VALUES ('null','中国移动','d41d8cd98f00b204e9800998ecf8427e',1512151087) [ RunTime:0.047370s ]

[ 2017-12-02T01:58:07+08:00 ] 192.168.43.209 /exercise/index.php/User/register/User/get_user_info?phone_data=null
INFO: [ route_check ] --START--
INFO: CheckRoute Behavior ::run [ RunTime:0.001768s ]
INFO: [ route_check ] --END-- [ RunTime:0.001824s ]
NOTIC: [8192] preg_replace(): The /e modifier is deprecated, use preg_replace_callback instead F:\www\exercise\ThinkPHP\Lib\Core\Dispatcher.class.php 第 132 行.
INFO: [ app_begin ] --START--
INFO: ReadHtmlCache Behavior ::run [ RunTime:0.001157s ]
INFO: [ app_begin ] --END-- [ RunTime:0.001226s ]
NOTIC: [8] Undefined index: password_data F:\www\exercise\WEB\Lib\Action\UserAction.class.php 第 9 行.
NOTIC: [8192] mysql_connect(): The mysql extension is deprecated and will be removed in the future: use mysqli or PDO instead F:\www\exercise\ThinkPHP\Lib\Driver\Db\DbMysql.class.php 第 55 行.
SQL: SHOW COLUMNS FROM `user` [ RunTime:0.009843s ]
NOTIC: [8192] preg_replace(): The /e modifier is deprecated, use preg_replace_callback instead F:\www\exercise\ThinkPHP\Lib\Core\Db.class.php 第 604 行.
SQL: SELECT * FROM `user` WHERE ( `phone`='null' ) LIMIT 1   [ RunTime:0.000240s ]

[ 2017-12-02T01:58:57+08:00 ] 192.168.43.209 /exercise/index.php/User/get_user_info
INFO: [ route_check ] --START--
INFO: CheckRoute Behavior ::run [ RunTime:0.001175s ]
INFO: [ route_check ] --END-- [ RunTime:0.001221s ]
NOTIC: [8192] preg_replace(): The /e modifier is deprecated, use preg_replace_callback instead F:\www\exercise\ThinkPHP\Lib\Core\Dispatcher.class.php 第 132 行.
INFO: [ app_begin ] --START--
INFO: ReadHtmlCache Behavior ::run [ RunTime:0.001356s ]
INFO: [ app_begin ] --END-- [ RunTime:0.001396s ]
NOTIC: [8] Undefined index: phone_data F:\www\exercise\WEB\Lib\Action\UserAction.class.php 第 28 行.
NOTIC: [8192] mysql_connect(): The mysql extension is deprecated and will be removed in the future: use mysqli or PDO instead F:\www\exercise\ThinkPHP\Lib\Driver\Db\DbMysql.class.php 第 55 行.
SQL: SHOW COLUMNS FROM `user` [ RunTime:0.046036s ]
NOTIC: [8192] preg_replace(): The /e modifier is deprecated, use preg_replace_callback instead F:\www\exercise\ThinkPHP\Lib\Core\Db.class.php 第 604 行.
SQL: SELECT * FROM `user` WHERE ( `phone`='' ) LIMIT 1   [ RunTime:0.000323s ]

[ 2017-12-02T02:03:47+08:00 ] 192.168.43.209 /exercise/index.php/User/register/User/get_user_info?phone_data=null
INFO: [ route_check ] --START--
INFO: CheckRoute Behavior ::run [ RunTime:0.001804s ]
INFO: [ route_check ] --END-- [ RunTime:0.001866s ]
NOTIC: [8192] preg_replace(): The /e modifier is deprecated, use preg_replace_callback instead F:\www\exercise\ThinkPHP\Lib\Core\Dispatcher.class.php 第 132 行.
INFO: [ app_begin ] --START--
INFO: ReadHtmlCache Behavior ::run [ RunTime:0.001167s ]
INFO: [ app_begin ] --END-- [ RunTime:0.001220s ]
NOTIC: [8] Undefined index: password_data F:\www\exercise\WEB\Lib\Action\UserAction.class.php 第 9 行.
NOTIC: [8192] mysql_connect(): The mysql extension is deprecated and will be removed in the future: use mysqli or PDO instead F:\www\exercise\ThinkPHP\Lib\Driver\Db\DbMysql.class.php 第 55 行.
SQL: SHOW COLUMNS FROM `user` [ RunTime:0.018090s ]
NOTIC: [8192] preg_replace(): The /e modifier is deprecated, use preg_replace_callback instead F:\www\exercise\ThinkPHP\Lib\Core\Db.class.php 第 604 行.
SQL: SELECT * FROM `user` WHERE ( `phone`='null' ) LIMIT 1   [ RunTime:0.000314s ]

[ 2017-12-02T02:03:49+08:00 ] 192.168.43.209 /exercise/index.php/User/register/User/get_user_info?phone_data=null
INFO: [ route_check ] --START--
INFO: CheckRoute Behavior ::run [ RunTime:0.004956s ]
INFO: [ route_check ] --END-- [ RunTime:0.005058s ]
NOTIC: [8192] preg_replace(): The /e modifier is deprecated, use preg_replace_callback instead F:\www\exercise\ThinkPHP\Lib\Core\Dispatcher.class.php 第 132 行.
INFO: [ app_begin ] --START--
INFO: ReadHtmlCache Behavior ::run [ RunTime:0.002108s ]
INFO: [ app_begin ] --END-- [ RunTime:0.002160s ]
NOTIC: [8] Undefined index: password_data F:\www\exercise\WEB\Lib\Action\UserAction.class.php 第 9 行.
NOTIC: [8192] mysql_connect(): The mysql extension is deprecated and will be removed in the future: use mysqli or PDO instead F:\www\exercise\ThinkPHP\Lib\Driver\Db\DbMysql.class.php 第 55 行.
SQL: SHOW COLUMNS FROM `user` [ RunTime:0.018333s ]
NOTIC: [8192] preg_replace(): The /e modifier is deprecated, use preg_replace_callback instead F:\www\exercise\ThinkPHP\Lib\Core\Db.class.php 第 604 行.
SQL: SELECT * FROM `user` WHERE ( `phone`='null' ) LIMIT 1   [ RunTime:0.000198s ]

[ 2017-12-02T02:03:49+08:00 ] 192.168.43.209 /exercise/index.php/User/register/User/get_user_info?phone_data=null
INFO: [ route_check ] --START--
INFO: CheckRoute Behavior ::run [ RunTime:0.001657s ]
INFO: [ route_check ] --END-- [ RunTime:0.001716s ]
NOTIC: [8192] preg_replace(): The /e modifier is deprecated, use preg_replace_callback instead F:\www\exercise\ThinkPHP\Lib\Core\Dispatcher.class.php 第 132 行.
INFO: [ app_begin ] --START--
INFO: ReadHtmlCache Behavior ::run [ RunTime:0.000978s ]
INFO: [ app_begin ] --END-- [ RunTime:0.001027s ]
NOTIC: [8] Undefined index: password_data F:\www\exercise\WEB\Lib\Action\UserAction.class.php 第 9 行.
NOTIC: [8192] mysql_connect(): The mysql extension is deprecated and will be removed in the future: use mysqli or PDO instead F:\www\exercise\ThinkPHP\Lib\Driver\Db\DbMysql.class.php 第 55 行.
SQL: SHOW COLUMNS FROM `user` [ RunTime:0.012557s ]
NOTIC: [8192] preg_replace(): The /e modifier is deprecated, use preg_replace_callback instead F:\www\exercise\ThinkPHP\Lib\Core\Db.class.php 第 604 行.
SQL: SELECT * FROM `user` WHERE ( `phone`='null' ) LIMIT 1   [ RunTime:0.000443s ]

[ 2017-12-02T02:04:13+08:00 ] 192.168.43.209 /exercise/index.php/User/register/User/register?phone_data=18867152222&password_data=123
INFO: [ route_check ] --START--
INFO: CheckRoute Behavior ::run [ RunTime:0.001407s ]
INFO: [ route_check ] --END-- [ RunTime:0.001469s ]
NOTIC: [8192] preg_replace(): The /e modifier is deprecated, use preg_replace_callback instead F:\www\exercise\ThinkPHP\Lib\Core\Dispatcher.class.php 第 132 行.
INFO: [ app_begin ] --START--
INFO: ReadHtmlCache Behavior ::run [ RunTime:0.001095s ]
INFO: [ app_begin ] --END-- [ RunTime:0.001133s ]
NOTIC: [8192] mysql_connect(): The mysql extension is deprecated and will be removed in the future: use mysqli or PDO instead F:\www\exercise\ThinkPHP\Lib\Driver\Db\DbMysql.class.php 第 55 行.
SQL: SHOW COLUMNS FROM `user` [ RunTime:0.028981s ]
NOTIC: [8192] preg_replace(): The /e modifier is deprecated, use preg_replace_callback instead F:\www\exercise\ThinkPHP\Lib\Core\Db.class.php 第 604 行.
SQL: SELECT * FROM `user` WHERE ( `phone`='18867152222' ) LIMIT 1   [ RunTime:0.000325s ]
SQL: INSERT INTO `user` (`phone`,`nicename`,`password`,`time`) VALUES ('18867152222','中国移动','202cb962ac59075b964b07152d234b70',1512151453) [ RunTime:0.194579s ]

[ 2017-12-02T02:04:14+08:00 ] 192.168.43.209 /exercise/index.php/User/register/User/get_user_info?phone_data=18867152222
INFO: [ route_check ] --START--
INFO: CheckRoute Behavior ::run [ RunTime:0.001249s ]
INFO: [ route_check ] --END-- [ RunTime:0.001312s ]
NOTIC: [8192] preg_replace(): The /e modifier is deprecated, use preg_replace_callback instead F:\www\exercise\ThinkPHP\Lib\Core\Dispatcher.class.php 第 132 行.
INFO: [ app_begin ] --START--
INFO: ReadHtmlCache Behavior ::run [ RunTime:0.001431s ]
INFO: [ app_begin ] --END-- [ RunTime:0.001470s ]
NOTIC: [8] Undefined index: password_data F:\www\exercise\WEB\Lib\Action\UserAction.class.php 第 9 行.
NOTIC: [8192] mysql_connect(): The mysql extension is deprecated and will be removed in the future: use mysqli or PDO instead F:\www\exercise\ThinkPHP\Lib\Driver\Db\DbMysql.class.php 第 55 行.
SQL: SHOW COLUMNS FROM `user` [ RunTime:0.014760s ]
NOTIC: [8192] preg_replace(): The /e modifier is deprecated, use preg_replace_callback instead F:\www\exercise\ThinkPHP\Lib\Core\Db.class.php 第 604 行.
SQL: SELECT * FROM `user` WHERE ( `phone`='18867152222' ) LIMIT 1   [ RunTime:0.000219s ]

[ 2017-12-02T02:06:17+08:00 ] 192.168.43.209 /exercise/index.php/User/register?phone_data=18878787898&password_data=2123
INFO: [ route_check ] --START--
INFO: CheckRoute Behavior ::run [ RunTime:0.001114s ]
INFO: [ route_check ] --END-- [ RunTime:0.001216s ]
NOTIC: [8192] preg_replace(): The /e modifier is deprecated, use preg_replace_callback instead F:\www\exercise\ThinkPHP\Lib\Core\Dispatcher.class.php 第 132 行.
INFO: [ app_begin ] --START--
INFO: ReadHtmlCache Behavior ::run [ RunTime:0.000930s ]
INFO: [ app_begin ] --END-- [ RunTime:0.000959s ]
NOTIC: [8192] mysql_connect(): The mysql extension is deprecated and will be removed in the future: use mysqli or PDO instead F:\www\exercise\ThinkPHP\Lib\Driver\Db\DbMysql.class.php 第 55 行.
SQL: SHOW COLUMNS FROM `user` [ RunTime:0.013721s ]
NOTIC: [8192] preg_replace(): The /e modifier is deprecated, use preg_replace_callback instead F:\www\exercise\ThinkPHP\Lib\Core\Db.class.php 第 604 行.
SQL: SELECT * FROM `user` WHERE ( `phone`='18878787898' ) LIMIT 1   [ RunTime:0.000482s ]
SQL: INSERT INTO `user` (`phone`,`nicename`,`password`,`time`) VALUES ('18878787898','中国移动','5a1e3a5aede16d438c38862cac1a78db',1512151577) [ RunTime:0.043304s ]

[ 2017-12-02T02:06:36+08:00 ] 192.168.43.209 /exercise/index.php/User/register?phone_data=18878787891&password_data=2123
INFO: [ route_check ] --START--
INFO: CheckRoute Behavior ::run [ RunTime:0.001040s ]
INFO: [ route_check ] --END-- [ RunTime:0.001082s ]
NOTIC: [8192] preg_replace(): The /e modifier is deprecated, use preg_replace_callback instead F:\www\exercise\ThinkPHP\Lib\Core\Dispatcher.class.php 第 132 行.
INFO: [ app_begin ] --START--
INFO: ReadHtmlCache Behavior ::run [ RunTime:0.001635s ]
INFO: [ app_begin ] --END-- [ RunTime:0.001683s ]
NOTIC: [8192] mysql_connect(): The mysql extension is deprecated and will be removed in the future: use mysqli or PDO instead F:\www\exercise\ThinkPHP\Lib\Driver\Db\DbMysql.class.php 第 55 行.
SQL: SHOW COLUMNS FROM `user` [ RunTime:0.011905s ]
NOTIC: [8192] preg_replace(): The /e modifier is deprecated, use preg_replace_callback instead F:\www\exercise\ThinkPHP\Lib\Core\Db.class.php 第 604 行.
SQL: SELECT * FROM `user` WHERE ( `phone`='18878787891' ) LIMIT 1   [ RunTime:0.000348s ]
SQL: INSERT INTO `user` (`phone`,`nicename`,`password`,`time`) VALUES ('18878787891','中国移动','5a1e3a5aede16d438c38862cac1a78db',1512151596) [ RunTime:0.049510s ]

[ 2017-12-02T02:06:53+08:00 ] 192.168.43.209 /exercise/index.php/User/get_user_info?phone_data=null
INFO: [ route_check ] --START--
INFO: CheckRoute Behavior ::run [ RunTime:0.001243s ]
INFO: [ route_check ] --END-- [ RunTime:0.001563s ]
NOTIC: [8192] preg_replace(): The /e modifier is deprecated, use preg_replace_callback instead F:\www\exercise\ThinkPHP\Lib\Core\Dispatcher.class.php 第 132 行.
INFO: [ app_begin ] --START--
INFO: ReadHtmlCache Behavior ::run [ RunTime:0.001621s ]
INFO: [ app_begin ] --END-- [ RunTime:0.001673s ]
NOTIC: [8192] mysql_connect(): The mysql extension is deprecated and will be removed in the future: use mysqli or PDO instead F:\www\exercise\ThinkPHP\Lib\Driver\Db\DbMysql.class.php 第 55 行.
SQL: SHOW COLUMNS FROM `user` [ RunTime:0.027814s ]
NOTIC: [8192] preg_replace(): The /e modifier is deprecated, use preg_replace_callback instead F:\www\exercise\ThinkPHP\Lib\Core\Db.class.php 第 604 行.
SQL: SELECT * FROM `user` WHERE ( `phone`='null' ) LIMIT 1   [ RunTime:0.000271s ]

[ 2017-12-02T02:06:53+08:00 ] 192.168.43.209 /exercise/index.php/User/get_user_info?phone_data=null
INFO: [ route_check ] --START--
INFO: CheckRoute Behavior ::run [ RunTime:0.001409s ]
INFO: [ route_check ] --END-- [ RunTime:0.001489s ]
NOTIC: [8192] preg_replace(): The /e modifier is deprecated, use preg_replace_callback instead F:\www\exercise\ThinkPHP\Lib\Core\Dispatcher.class.php 第 132 行.
INFO: [ app_begin ] --START--
INFO: ReadHtmlCache Behavior ::run [ RunTime:0.000681s ]
INFO: [ app_begin ] --END-- [ RunTime:0.000729s ]
NOTIC: [8192] mysql_connect(): The mysql extension is deprecated and will be removed in the future: use mysqli or PDO instead F:\www\exercise\ThinkPHP\Lib\Driver\Db\DbMysql.class.php 第 55 行.
SQL: SHOW COLUMNS FROM `user` [ RunTime:0.008016s ]
NOTIC: [8192] preg_replace(): The /e modifier is deprecated, use preg_replace_callback instead F:\www\exercise\ThinkPHP\Lib\Core\Db.class.php 第 604 行.
SQL: SELECT * FROM `user` WHERE ( `phone`='null' ) LIMIT 1   [ RunTime:0.000213s ]

[ 2017-12-02T02:06:53+08:00 ] 192.168.43.209 /exercise/index.php/User/get_user_info?phone_data=null
INFO: [ route_check ] --START--
INFO: CheckRoute Behavior ::run [ RunTime:0.001901s ]
INFO: [ route_check ] --END-- [ RunTime:0.001959s ]
NOTIC: [8192] preg_replace(): The /e modifier is deprecated, use preg_replace_callback instead F:\www\exercise\ThinkPHP\Lib\Core\Dispatcher.class.php 第 132 行.
INFO: [ app_begin ] --START--
INFO: ReadHtmlCache Behavior ::run [ RunTime:0.000901s ]
INFO: [ app_begin ] --END-- [ RunTime:0.000946s ]
NOTIC: [8192] mysql_connect(): The mysql extension is deprecated and will be removed in the future: use mysqli or PDO instead F:\www\exercise\ThinkPHP\Lib\Driver\Db\DbMysql.class.php 第 55 行.
SQL: SHOW COLUMNS FROM `user` [ RunTime:0.005663s ]
NOTIC: [8192] preg_replace(): The /e modifier is deprecated, use preg_replace_callback instead F:\www\exercise\ThinkPHP\Lib\Core\Db.class.php 第 604 行.
SQL: SELECT * FROM `user` WHERE ( `phone`='null' ) LIMIT 1   [ RunTime:0.000226s ]

[ 2017-12-02T02:07:10+08:00 ] 192.168.43.209 /exercise/index.php/User/get_user_info?phone_data=null
INFO: [ route_check ] --START--
INFO: CheckRoute Behavior ::run [ RunTime:0.000885s ]
INFO: [ route_check ] --END-- [ RunTime:0.000929s ]
NOTIC: [8192] preg_replace(): The /e modifier is deprecated, use preg_replace_callback instead F:\www\exercise\ThinkPHP\Lib\Core\Dispatcher.class.php 第 132 行.
INFO: [ app_begin ] --START--
INFO: ReadHtmlCache Behavior ::run [ RunTime:0.000729s ]
INFO: [ app_begin ] --END-- [ RunTime:0.000770s ]
NOTIC: [8192] mysql_connect(): The mysql extension is deprecated and will be removed in the future: use mysqli or PDO instead F:\www\exercise\ThinkPHP\Lib\Driver\Db\DbMysql.class.php 第 55 行.
SQL: SHOW COLUMNS FROM `user` [ RunTime:0.020103s ]
NOTIC: [8192] preg_replace(): The /e modifier is deprecated, use preg_replace_callback instead F:\www\exercise\ThinkPHP\Lib\Core\Db.class.php 第 604 行.
SQL: SELECT * FROM `user` WHERE ( `phone`='null' ) LIMIT 1   [ RunTime:0.000240s ]

[ 2017-12-02T02:07:10+08:00 ] 192.168.43.209 /exercise/index.php/User/get_user_info?phone_data=null
INFO: [ route_check ] --START--
INFO: CheckRoute Behavior ::run [ RunTime:0.004546s ]
INFO: [ route_check ] --END-- [ RunTime:0.004773s ]
NOTIC: [8192] preg_replace(): The /e modifier is deprecated, use preg_replace_callback instead F:\www\exercise\ThinkPHP\Lib\Core\Dispatcher.class.php 第 132 行.
INFO: [ app_begin ] --START--
INFO: ReadHtmlCache Behavior ::run [ RunTime:0.001173s ]
INFO: [ app_begin ] --END-- [ RunTime:0.001315s ]
NOTIC: [8192] mysql_connect(): The mysql extension is deprecated and will be removed in the future: use mysqli or PDO instead F:\www\exercise\ThinkPHP\Lib\Driver\Db\DbMysql.class.php 第 55 行.
SQL: SHOW COLUMNS FROM `user` [ RunTime:0.006270s ]
NOTIC: [8192] preg_replace(): The /e modifier is deprecated, use preg_replace_callback instead F:\www\exercise\ThinkPHP\Lib\Core\Db.class.php 第 604 行.
SQL: SELECT * FROM `user` WHERE ( `phone`='null' ) LIMIT 1   [ RunTime:0.000304s ]

[ 2017-12-02T02:07:10+08:00 ] 192.168.43.209 /exercise/index.php/User/get_user_info?phone_data=null
INFO: [ route_check ] --START--
INFO: CheckRoute Behavior ::run [ RunTime:0.001310s ]
INFO: [ route_check ] --END-- [ RunTime:0.001368s ]
NOTIC: [8192] preg_replace(): The /e modifier is deprecated, use preg_replace_callback instead F:\www\exercise\ThinkPHP\Lib\Core\Dispatcher.class.php 第 132 行.
INFO: [ app_begin ] --START--
INFO: ReadHtmlCache Behavior ::run [ RunTime:0.001050s ]
INFO: [ app_begin ] --END-- [ RunTime:0.001094s ]
NOTIC: [8192] mysql_connect(): The mysql extension is deprecated and will be removed in the future: use mysqli or PDO instead F:\www\exercise\ThinkPHP\Lib\Driver\Db\DbMysql.class.php 第 55 行.
SQL: SHOW COLUMNS FROM `user` [ RunTime:0.006233s ]
NOTIC: [8192] preg_replace(): The /e modifier is deprecated, use preg_replace_callback instead F:\www\exercise\ThinkPHP\Lib\Core\Db.class.php 第 604 行.
SQL: SELECT * FROM `user` WHERE ( `phone`='null' ) LIMIT 1   [ RunTime:0.000242s ]

[ 2017-12-02T21:59:34+08:00 ] 192.168.43.209 /exercise/index.php/User/get_user_info?phone_data=null
INFO: [ route_check ] --START--
INFO: CheckRoute Behavior ::run [ RunTime:0.000808s ]
INFO: [ route_check ] --END-- [ RunTime:0.000861s ]
NOTIC: [8192] preg_replace(): The /e modifier is deprecated, use preg_replace_callback instead F:\www\exercise\ThinkPHP\Lib\Core\Dispatcher.class.php 第 132 行.
INFO: [ app_begin ] --START--
INFO: ReadHtmlCache Behavior ::run [ RunTime:0.000450s ]
INFO: [ app_begin ] --END-- [ RunTime:0.000480s ]
NOTIC: [8192] mysql_connect(): The mysql extension is deprecated and will be removed in the future: use mysqli or PDO instead F:\www\exercise\ThinkPHP\Lib\Driver\Db\DbMysql.class.php 第 55 行.
SQL: SHOW COLUMNS FROM `user` [ RunTime:0.019779s ]
NOTIC: [8192] preg_replace(): The /e modifier is deprecated, use preg_replace_callback instead F:\www\exercise\ThinkPHP\Lib\Core\Db.class.php 第 604 行.
SQL: SELECT * FROM `user` WHERE ( `phone`='null' ) LIMIT 1   [ RunTime:0.000240s ]

[ 2017-12-02T22:00:27+08:00 ] 192.168.43.209 /exercise/index.php/User/register?phone_data=18867151111&password_data=123
INFO: [ route_check ] --START--
INFO: CheckRoute Behavior ::run [ RunTime:0.000468s ]
INFO: [ route_check ] --END-- [ RunTime:0.000520s ]
NOTIC: [8192] preg_replace(): The /e modifier is deprecated, use preg_replace_callback instead F:\www\exercise\ThinkPHP\Lib\Core\Dispatcher.class.php 第 132 行.
INFO: [ app_begin ] --START--
INFO: ReadHtmlCache Behavior ::run [ RunTime:0.000481s ]
INFO: [ app_begin ] --END-- [ RunTime:0.000514s ]
NOTIC: [8192] mysql_connect(): The mysql extension is deprecated and will be removed in the future: use mysqli or PDO instead F:\www\exercise\ThinkPHP\Lib\Driver\Db\DbMysql.class.php 第 55 行.
SQL: SHOW COLUMNS FROM `user` [ RunTime:0.039068s ]
NOTIC: [8192] preg_replace(): The /e modifier is deprecated, use preg_replace_callback instead F:\www\exercise\ThinkPHP\Lib\Core\Db.class.php 第 604 行.
SQL: SELECT * FROM `user` WHERE ( `phone`='18867151111' ) LIMIT 1   [ RunTime:0.000296s ]
SQL: INSERT INTO `user` (`phone`,`nicename`,`password`,`time`) VALUES ('18867151111','中国移动','202cb962ac59075b964b07152d234b70',1512223227) [ RunTime:0.062199s ]

[ 2017-12-02T22:00:27+08:00 ] 192.168.43.209 /exercise/index.php/User/get_user_info?phone_data=18867151111
INFO: [ route_check ] --START--
INFO: CheckRoute Behavior ::run [ RunTime:0.000447s ]
INFO: [ route_check ] --END-- [ RunTime:0.000486s ]
NOTIC: [8192] preg_replace(): The /e modifier is deprecated, use preg_replace_callback instead F:\www\exercise\ThinkPHP\Lib\Core\Dispatcher.class.php 第 132 行.
INFO: [ app_begin ] --START--
INFO: ReadHtmlCache Behavior ::run [ RunTime:0.000360s ]
INFO: [ app_begin ] --END-- [ RunTime:0.000388s ]
NOTIC: [8192] mysql_connect(): The mysql extension is deprecated and will be removed in the future: use mysqli or PDO instead F:\www\exercise\ThinkPHP\Lib\Driver\Db\DbMysql.class.php 第 55 行.
SQL: SHOW COLUMNS FROM `user` [ RunTime:0.004659s ]
NOTIC: [8192] preg_replace(): The /e modifier is deprecated, use preg_replace_callback instead F:\www\exercise\ThinkPHP\Lib\Core\Db.class.php 第 604 行.
SQL: SELECT * FROM `user` WHERE ( `phone`='18867151111' ) LIMIT 1   [ RunTime:0.000292s ]

[ 2017-12-02T22:01:52+08:00 ] 192.168.43.209 /exercise/index.php/User/register?phone_data=18867152132&password_data=456
INFO: [ route_check ] --START--
INFO: CheckRoute Behavior ::run [ RunTime:0.000757s ]
INFO: [ route_check ] --END-- [ RunTime:0.000805s ]
NOTIC: [8192] preg_replace(): The /e modifier is deprecated, use preg_replace_callback instead F:\www\exercise\ThinkPHP\Lib\Core\Dispatcher.class.php 第 132 行.
INFO: [ app_begin ] --START--
INFO: ReadHtmlCache Behavior ::run [ RunTime:0.000445s ]
INFO: [ app_begin ] --END-- [ RunTime:0.000475s ]
NOTIC: [8192] mysql_connect(): The mysql extension is deprecated and will be removed in the future: use mysqli or PDO instead F:\www\exercise\ThinkPHP\Lib\Driver\Db\DbMysql.class.php 第 55 行.
SQL: SHOW COLUMNS FROM `user` [ RunTime:0.011563s ]
NOTIC: [8192] preg_replace(): The /e modifier is deprecated, use preg_replace_callback instead F:\www\exercise\ThinkPHP\Lib\Core\Db.class.php 第 604 行.
SQL: SELECT * FROM `user` WHERE ( `phone`='18867152132' ) LIMIT 1   [ RunTime:0.000338s ]
SQL: INSERT INTO `user` (`phone`,`nicename`,`password`,`time`) VALUES ('18867152132','中国移动','250cf8b51c773f3f8dc8b4be867a9a02',1512223312) [ RunTime:0.046726s ]

[ 2017-12-02T22:11:10+08:00 ] 192.168.43.209 /exercise/index.php/User/register?phone_data=18867152222&password_data=123
INFO: [ route_check ] --START--
INFO: CheckRoute Behavior ::run [ RunTime:0.000710s ]
INFO: [ route_check ] --END-- [ RunTime:0.000757s ]
NOTIC: [8192] preg_replace(): The /e modifier is deprecated, use preg_replace_callback instead F:\www\exercise\ThinkPHP\Lib\Core\Dispatcher.class.php 第 132 行.
INFO: [ app_begin ] --START--
INFO: ReadHtmlCache Behavior ::run [ RunTime:0.000438s ]
INFO: [ app_begin ] --END-- [ RunTime:0.000470s ]
NOTIC: [8192] mysql_connect(): The mysql extension is deprecated and will be removed in the future: use mysqli or PDO instead F:\www\exercise\ThinkPHP\Lib\Driver\Db\DbMysql.class.php 第 55 行.
SQL: SHOW COLUMNS FROM `user` [ RunTime:0.010811s ]
NOTIC: [8192] preg_replace(): The /e modifier is deprecated, use preg_replace_callback instead F:\www\exercise\ThinkPHP\Lib\Core\Db.class.php 第 604 行.
SQL: SELECT * FROM `user` WHERE ( `phone`='18867152222' ) LIMIT 1   [ RunTime:0.000323s ]

[ 2017-12-02T22:11:25+08:00 ] 192.168.43.209 /exercise/index.php/User/register?phone_data=18867152220&password_data=22
INFO: [ route_check ] --START--
INFO: CheckRoute Behavior ::run [ RunTime:0.000492s ]
INFO: [ route_check ] --END-- [ RunTime:0.000540s ]
NOTIC: [8192] preg_replace(): The /e modifier is deprecated, use preg_replace_callback instead F:\www\exercise\ThinkPHP\Lib\Core\Dispatcher.class.php 第 132 行.
INFO: [ app_begin ] --START--
INFO: ReadHtmlCache Behavior ::run [ RunTime:0.000341s ]
INFO: [ app_begin ] --END-- [ RunTime:0.000370s ]
NOTIC: [8192] mysql_connect(): The mysql extension is deprecated and will be removed in the future: use mysqli or PDO instead F:\www\exercise\ThinkPHP\Lib\Driver\Db\DbMysql.class.php 第 55 行.
SQL: SHOW COLUMNS FROM `user` [ RunTime:0.009903s ]
NOTIC: [8192] preg_replace(): The /e modifier is deprecated, use preg_replace_callback instead F:\www\exercise\ThinkPHP\Lib\Core\Db.class.php 第 604 行.
SQL: SELECT * FROM `user` WHERE ( `phone`='18867152220' ) LIMIT 1   [ RunTime:0.000298s ]
SQL: INSERT INTO `user` (`phone`,`nicename`,`password`,`time`) VALUES ('18867152220','中国移动','b6d767d2f8ed5d21a44b0e5886680cb9',1512223885) [ RunTime:0.037026s ]

[ 2017-12-02T22:11:26+08:00 ] 192.168.43.209 /exercise/index.php/User/get_user_info?phone_data=18867152220
INFO: [ route_check ] --START--
INFO: CheckRoute Behavior ::run [ RunTime:0.000435s ]
INFO: [ route_check ] --END-- [ RunTime:0.000479s ]
NOTIC: [8192] preg_replace(): The /e modifier is deprecated, use preg_replace_callback instead F:\www\exercise\ThinkPHP\Lib\Core\Dispatcher.class.php 第 132 行.
INFO: [ app_begin ] --START--
INFO: ReadHtmlCache Behavior ::run [ RunTime:0.000332s ]
INFO: [ app_begin ] --END-- [ RunTime:0.000362s ]
NOTIC: [8192] mysql_connect(): The mysql extension is deprecated and will be removed in the future: use mysqli or PDO instead F:\www\exercise\ThinkPHP\Lib\Driver\Db\DbMysql.class.php 第 55 行.
SQL: SHOW COLUMNS FROM `user` [ RunTime:0.010382s ]
NOTIC: [8192] preg_replace(): The /e modifier is deprecated, use preg_replace_callback instead F:\www\exercise\ThinkPHP\Lib\Core\Db.class.php 第 604 行.
SQL: SELECT * FROM `user` WHERE ( `phone`='18867152220' ) LIMIT 1   [ RunTime:0.000403s ]

[ 2017-12-02T23:32:37+08:00 ] 192.168.43.209 /exercise/index.php/User/register?phone_data=18867152130&password_data=123
INFO: [ route_check ] --START--
INFO: CheckRoute Behavior ::run [ RunTime:0.000888s ]
INFO: [ route_check ] --END-- [ RunTime:0.000975s ]
NOTIC: [8192] preg_replace(): The /e modifier is deprecated, use preg_replace_callback instead F:\www\exercise\ThinkPHP\Lib\Core\Dispatcher.class.php 第 132 行.
INFO: [ app_begin ] --START--
INFO: ReadHtmlCache Behavior ::run [ RunTime:0.000604s ]
INFO: [ app_begin ] --END-- [ RunTime:0.000636s ]
NOTIC: [8192] mysql_connect(): The mysql extension is deprecated and will be removed in the future: use mysqli or PDO instead F:\www\exercise\ThinkPHP\Lib\Driver\Db\DbMysql.class.php 第 55 行.
SQL: SHOW COLUMNS FROM `user` [ RunTime:0.063349s ]
NOTIC: [8192] preg_replace(): The /e modifier is deprecated, use preg_replace_callback instead F:\www\exercise\ThinkPHP\Lib\Core\Db.class.php 第 604 行.
SQL: SELECT * FROM `user` WHERE ( `phone`='18867152130' ) LIMIT 1   [ RunTime:0.000334s ]
SQL: INSERT INTO `user` (`phone`,`nicename`,`password`,`time`) VALUES ('18867152130','中国移动','202cb962ac59075b964b07152d234b70',1512228757) [ RunTime:0.096116s ]

[ 2017-12-02T23:32:38+08:00 ] 192.168.43.209 /exercise/index.php/User/get_user_info?phone_data=18867152130
INFO: [ route_check ] --START--
INFO: CheckRoute Behavior ::run [ RunTime:0.000737s ]
INFO: [ route_check ] --END-- [ RunTime:0.000781s ]
NOTIC: [8192] preg_replace(): The /e modifier is deprecated, use preg_replace_callback instead F:\www\exercise\ThinkPHP\Lib\Core\Dispatcher.class.php 第 132 行.
INFO: [ app_begin ] --START--
INFO: ReadHtmlCache Behavior ::run [ RunTime:0.000681s ]
INFO: [ app_begin ] --END-- [ RunTime:0.000719s ]
NOTIC: [8192] mysql_connect(): The mysql extension is deprecated and will be removed in the future: use mysqli or PDO instead F:\www\exercise\ThinkPHP\Lib\Driver\Db\DbMysql.class.php 第 55 行.
SQL: SHOW COLUMNS FROM `user` [ RunTime:0.011884s ]
NOTIC: [8192] preg_replace(): The /e modifier is deprecated, use preg_replace_callback instead F:\www\exercise\ThinkPHP\Lib\Core\Db.class.php 第 604 行.
SQL: SELECT * FROM `user` WHERE ( `phone`='18867152130' ) LIMIT 1   [ RunTime:0.000281s ]

[ 2017-12-02T23:33:22+08:00 ] 192.168.43.209 /exercise/index.php/User/login?phone_data=&password_data=
INFO: [ route_check ] --START--
INFO: CheckRoute Behavior ::run [ RunTime:0.000900s ]
INFO: [ route_check ] --END-- [ RunTime:0.000943s ]
NOTIC: [8192] preg_replace(): The /e modifier is deprecated, use preg_replace_callback instead F:\www\exercise\ThinkPHP\Lib\Core\Dispatcher.class.php 第 132 行.
INFO: [ app_begin ] --START--
INFO: ReadHtmlCache Behavior ::run [ RunTime:0.000672s ]
INFO: [ app_begin ] --END-- [ RunTime:0.000702s ]
NOTIC: [8192] mysql_connect(): The mysql extension is deprecated and will be removed in the future: use mysqli or PDO instead F:\www\exercise\ThinkPHP\Lib\Driver\Db\DbMysql.class.php 第 55 行.
SQL: SHOW COLUMNS FROM `user` [ RunTime:0.040586s ]
NOTIC: [8192] preg_replace(): The /e modifier is deprecated, use preg_replace_callback instead F:\www\exercise\ThinkPHP\Lib\Core\Db.class.php 第 604 行.
SQL: SELECT * FROM `user` WHERE ( `phone`='' ) LIMIT 1   [ RunTime:0.000560s ]
NOTIC: [2] Illegal string offset 'password' F:\www\exercise\WEB\Lib\Action\UserAction.class.php 第 35 行.
NOTIC: [8] Uninitialized string offset: 0 F:\www\exercise\WEB\Lib\Action\UserAction.class.php 第 35 行.

[ 2017-12-02T23:35:31+08:00 ] 192.168.43.209 /exercise/index.php/User/login?phone_data=18867152130&password_data=123
INFO: [ route_check ] --START--
INFO: CheckRoute Behavior ::run [ RunTime:0.000879s ]
INFO: [ route_check ] --END-- [ RunTime:0.000930s ]
NOTIC: [8192] preg_replace(): The /e modifier is deprecated, use preg_replace_callback instead F:\www\exercise\ThinkPHP\Lib\Core\Dispatcher.class.php 第 132 行.
INFO: [ app_begin ] --START--
INFO: ReadHtmlCache Behavior ::run [ RunTime:0.000626s ]
INFO: [ app_begin ] --END-- [ RunTime:0.000659s ]
NOTIC: [8192] mysql_connect(): The mysql extension is deprecated and will be removed in the future: use mysqli or PDO instead F:\www\exercise\ThinkPHP\Lib\Driver\Db\DbMysql.class.php 第 55 行.
SQL: SHOW COLUMNS FROM `user` [ RunTime:0.011634s ]
NOTIC: [8192] preg_replace(): The /e modifier is deprecated, use preg_replace_callback instead F:\www\exercise\ThinkPHP\Lib\Core\Db.class.php 第 604 行.
SQL: SELECT * FROM `user` WHERE ( `phone`='18867152130' ) LIMIT 1   [ RunTime:0.000402s ]
NOTIC: [2] Illegal string offset 'password' F:\www\exercise\WEB\Lib\Action\UserAction.class.php 第 35 行.
NOTIC: [8] Uninitialized string offset: 0 F:\www\exercise\WEB\Lib\Action\UserAction.class.php 第 35 行.

[ 2017-12-02T23:37:34+08:00 ] 192.168.43.209 /exercise/index.php/User/login?phone_data=18867152130&password_data=123
INFO: [ route_check ] --START--
INFO: CheckRoute Behavior ::run [ RunTime:0.001849s ]
INFO: [ route_check ] --END-- [ RunTime:0.001940s ]
NOTIC: [8192] preg_replace(): The /e modifier is deprecated, use preg_replace_callback instead F:\www\exercise\ThinkPHP\Lib\Core\Dispatcher.class.php 第 132 行.
INFO: [ app_begin ] --START--
INFO: ReadHtmlCache Behavior ::run [ RunTime:0.002026s ]
INFO: [ app_begin ] --END-- [ RunTime:0.002107s ]
NOTIC: [8192] mysql_connect(): The mysql extension is deprecated and will be removed in the future: use mysqli or PDO instead F:\www\exercise\ThinkPHP\Lib\Driver\Db\DbMysql.class.php 第 55 行.
SQL: SHOW COLUMNS FROM `user` [ RunTime:0.011534s ]
NOTIC: [8192] preg_replace(): The /e modifier is deprecated, use preg_replace_callback instead F:\www\exercise\ThinkPHP\Lib\Core\Db.class.php 第 604 行.
SQL: SELECT * FROM `user` WHERE ( `phone`='18867152130' ) LIMIT 1   [ RunTime:0.000345s ]
NOTIC: [2] Illegal string offset 'password' F:\www\exercise\WEB\Lib\Action\UserAction.class.php 第 35 行.
NOTIC: [8] Uninitialized string offset: 0 F:\www\exercise\WEB\Lib\Action\UserAction.class.php 第 35 行.

[ 2017-12-02T23:40:59+08:00 ] 192.168.43.209 /exercise/index.php/User/login?phone_data=18867152130&password_data=123
INFO: [ route_check ] --START--
INFO: CheckRoute Behavior ::run [ RunTime:0.001291s ]
INFO: [ route_check ] --END-- [ RunTime:0.001426s ]
NOTIC: [8192] preg_replace(): The /e modifier is deprecated, use preg_replace_callback instead F:\www\exercise\ThinkPHP\Lib\Core\Dispatcher.class.php 第 132 行.
INFO: [ app_begin ] --START--
INFO: ReadHtmlCache Behavior ::run [ RunTime:0.000593s ]
INFO: [ app_begin ] --END-- [ RunTime:0.000626s ]
NOTIC: [8192] mysql_connect(): The mysql extension is deprecated and will be removed in the future: use mysqli or PDO instead F:\www\exercise\ThinkPHP\Lib\Driver\Db\DbMysql.class.php 第 55 行.
SQL: SHOW COLUMNS FROM `user` [ RunTime:0.010315s ]
NOTIC: [8192] preg_replace(): The /e modifier is deprecated, use preg_replace_callback instead F:\www\exercise\ThinkPHP\Lib\Core\Db.class.php 第 604 行.
SQL: SELECT * FROM `user` WHERE ( `phone`='18867152130' ) LIMIT 1   [ RunTime:0.000266s ]
NOTIC: [2] Illegal string offset 'password' F:\www\exercise\WEB\Lib\Action\UserAction.class.php 第 35 行.
NOTIC: [8] Uninitialized string offset: 0 F:\www\exercise\WEB\Lib\Action\UserAction.class.php 第 35 行.

[ 2017-12-02T23:41:51+08:00 ] 192.168.43.209 /exercise/index.php/User/register?phone_data=18867152140&password_data=123
INFO: [ route_check ] --START--
INFO: CheckRoute Behavior ::run [ RunTime:0.001337s ]
INFO: [ route_check ] --END-- [ RunTime:0.001391s ]
NOTIC: [8192] preg_replace(): The /e modifier is deprecated, use preg_replace_callback instead F:\www\exercise\ThinkPHP\Lib\Core\Dispatcher.class.php 第 132 行.
INFO: [ app_begin ] --START--
INFO: ReadHtmlCache Behavior ::run [ RunTime:0.001259s ]
INFO: [ app_begin ] --END-- [ RunTime:0.001323s ]
NOTIC: [8192] mysql_connect(): The mysql extension is deprecated and will be removed in the future: use mysqli or PDO instead F:\www\exercise\ThinkPHP\Lib\Driver\Db\DbMysql.class.php 第 55 行.
SQL: SHOW COLUMNS FROM `user` [ RunTime:0.012487s ]
NOTIC: [8192] preg_replace(): The /e modifier is deprecated, use preg_replace_callback instead F:\www\exercise\ThinkPHP\Lib\Core\Db.class.php 第 604 行.
SQL: SELECT * FROM `user` WHERE ( `phone`='18867152140' ) LIMIT 1   [ RunTime:0.000369s ]
SQL: INSERT INTO `user` (`phone`,`nicename`,`password`,`time`) VALUES ('18867152140','中国移动','202cb962ac59075b964b07152d234b70',1512229311) [ RunTime:0.053643s ]

[ 2017-12-02T23:41:52+08:00 ] 192.168.43.209 /exercise/index.php/User/get_user_info?phone_data=18867152140
INFO: [ route_check ] --START--
INFO: CheckRoute Behavior ::run [ RunTime:0.001450s ]
INFO: [ route_check ] --END-- [ RunTime:0.001505s ]
NOTIC: [8192] preg_replace(): The /e modifier is deprecated, use preg_replace_callback instead F:\www\exercise\ThinkPHP\Lib\Core\Dispatcher.class.php 第 132 行.
INFO: [ app_begin ] --START--
INFO: ReadHtmlCache Behavior ::run [ RunTime:0.001184s ]
INFO: [ app_begin ] --END-- [ RunTime:0.001218s ]
NOTIC: [8192] mysql_connect(): The mysql extension is deprecated and will be removed in the future: use mysqli or PDO instead F:\www\exercise\ThinkPHP\Lib\Driver\Db\DbMysql.class.php 第 55 行.
SQL: SHOW COLUMNS FROM `user` [ RunTime:0.010278s ]
NOTIC: [8192] preg_replace(): The /e modifier is deprecated, use preg_replace_callback instead F:\www\exercise\ThinkPHP\Lib\Core\Db.class.php 第 604 行.
SQL: SELECT * FROM `user` WHERE ( `phone`='18867152140' ) LIMIT 1   [ RunTime:0.000253s ]

[ 2017-12-02T23:42:09+08:00 ] 192.168.43.209 /exercise/index.php/User/login?phone_data=18867152140&password_data=123
INFO: [ route_check ] --START--
INFO: CheckRoute Behavior ::run [ RunTime:0.001328s ]
INFO: [ route_check ] --END-- [ RunTime:0.001395s ]
NOTIC: [8192] preg_replace(): The /e modifier is deprecated, use preg_replace_callback instead F:\www\exercise\ThinkPHP\Lib\Core\Dispatcher.class.php 第 132 行.
INFO: [ app_begin ] --START--
INFO: ReadHtmlCache Behavior ::run [ RunTime:0.001531s ]
INFO: [ app_begin ] --END-- [ RunTime:0.001581s ]
NOTIC: [8192] mysql_connect(): The mysql extension is deprecated and will be removed in the future: use mysqli or PDO instead F:\www\exercise\ThinkPHP\Lib\Driver\Db\DbMysql.class.php 第 55 行.
SQL: SHOW COLUMNS FROM `user` [ RunTime:0.012564s ]
NOTIC: [8192] preg_replace(): The /e modifier is deprecated, use preg_replace_callback instead F:\www\exercise\ThinkPHP\Lib\Core\Db.class.php 第 604 行.
SQL: SELECT * FROM `user` WHERE ( `phone`='18867152140' ) LIMIT 1   [ RunTime:0.000449s ]
NOTIC: [2] Illegal string offset 'password' F:\www\exercise\WEB\Lib\Action\UserAction.class.php 第 35 行.
NOTIC: [8] Uninitialized string offset: 0 F:\www\exercise\WEB\Lib\Action\UserAction.class.php 第 35 行.

[ 2017-12-02T23:46:10+08:00 ] 192.168.43.209 /exercise/index.php/User/login?phone_data=18867152140&password_data=123
INFO: [ route_check ] --START--
INFO: CheckRoute Behavior ::run [ RunTime:0.000905s ]
INFO: [ route_check ] --END-- [ RunTime:0.000955s ]
NOTIC: [8192] preg_replace(): The /e modifier is deprecated, use preg_replace_callback instead F:\www\exercise\ThinkPHP\Lib\Core\Dispatcher.class.php 第 132 行.
INFO: [ app_begin ] --START--
INFO: ReadHtmlCache Behavior ::run [ RunTime:0.000593s ]
INFO: [ app_begin ] --END-- [ RunTime:0.000627s ]
NOTIC: [8192] mysql_connect(): The mysql extension is deprecated and will be removed in the future: use mysqli or PDO instead F:\www\exercise\ThinkPHP\Lib\Driver\Db\DbMysql.class.php 第 55 行.
SQL: SHOW COLUMNS FROM `user` [ RunTime:0.012314s ]
NOTIC: [8192] preg_replace(): The /e modifier is deprecated, use preg_replace_callback instead F:\www\exercise\ThinkPHP\Lib\Core\Db.class.php 第 604 行.
SQL: SELECT * FROM `user` WHERE ( `phone`='18867152140' ) LIMIT 1   [ RunTime:0.000317s ]
NOTIC: [2] Illegal string offset 'password' F:\www\exercise\WEB\Lib\Action\UserAction.class.php 第 35 行.
NOTIC: [8] Uninitialized string offset: 0 F:\www\exercise\WEB\Lib\Action\UserAction.class.php 第 35 行.

[ 2017-12-02T23:46:31+08:00 ] 192.168.43.209 /exercise/index.php/User/login?phone_data=18867152140&password_data=123
INFO: [ route_check ] --START--
INFO: CheckRoute Behavior ::run [ RunTime:0.000823s ]
INFO: [ route_check ] --END-- [ RunTime:0.000876s ]
NOTIC: [8192] preg_replace(): The /e modifier is deprecated, use preg_replace_callback instead F:\www\exercise\ThinkPHP\Lib\Core\Dispatcher.class.php 第 132 行.
INFO: [ app_begin ] --START--
INFO: ReadHtmlCache Behavior ::run [ RunTime:0.000651s ]
INFO: [ app_begin ] --END-- [ RunTime:0.000736s ]
NOTIC: [8192] mysql_connect(): The mysql extension is deprecated and will be removed in the future: use mysqli or PDO instead F:\www\exercise\ThinkPHP\Lib\Driver\Db\DbMysql.class.php 第 55 行.
SQL: SHOW COLUMNS FROM `user` [ RunTime:0.243579s ]
NOTIC: [8192] preg_replace(): The /e modifier is deprecated, use preg_replace_callback instead F:\www\exercise\ThinkPHP\Lib\Core\Db.class.php 第 604 行.
SQL: SELECT * FROM `user` WHERE ( `phone`='18867152140' ) LIMIT 1   [ RunTime:0.000343s ]
NOTIC: [2] Illegal string offset 'password' F:\www\exercise\WEB\Lib\Action\UserAction.class.php 第 35 行.
NOTIC: [8] Uninitialized string offset: 0 F:\www\exercise\WEB\Lib\Action\UserAction.class.php 第 35 行.

[ 2017-12-02T23:47:07+08:00 ] 192.168.43.209 /exercise/index.php/User/register?phone_data=18867252140&password_data=123
INFO: [ route_check ] --START--
INFO: CheckRoute Behavior ::run [ RunTime:0.000683s ]
INFO: [ route_check ] --END-- [ RunTime:0.000730s ]
NOTIC: [8192] preg_replace(): The /e modifier is deprecated, use preg_replace_callback instead F:\www\exercise\ThinkPHP\Lib\Core\Dispatcher.class.php 第 132 行.
INFO: [ app_begin ] --START--
INFO: ReadHtmlCache Behavior ::run [ RunTime:0.000572s ]
INFO: [ app_begin ] --END-- [ RunTime:0.000604s ]
NOTIC: [8192] mysql_connect(): The mysql extension is deprecated and will be removed in the future: use mysqli or PDO instead F:\www\exercise\ThinkPHP\Lib\Driver\Db\DbMysql.class.php 第 55 行.
SQL: SHOW COLUMNS FROM `user` [ RunTime:0.010108s ]
NOTIC: [8192] preg_replace(): The /e modifier is deprecated, use preg_replace_callback instead F:\www\exercise\ThinkPHP\Lib\Core\Db.class.php 第 604 行.
SQL: SELECT * FROM `user` WHERE ( `phone`='18867252140' ) LIMIT 1   [ RunTime:0.000357s ]
SQL: INSERT INTO `user` (`phone`,`nicename`,`password`,`time`) VALUES ('18867252140','中国移动','123',1512229627) [ RunTime:0.075472s ]

[ 2017-12-02T23:47:08+08:00 ] 192.168.43.209 /exercise/index.php/User/get_user_info?phone_data=18867252140
INFO: [ route_check ] --START--
INFO: CheckRoute Behavior ::run [ RunTime:0.000824s ]
INFO: [ route_check ] --END-- [ RunTime:0.000926s ]
NOTIC: [8192] preg_replace(): The /e modifier is deprecated, use preg_replace_callback instead F:\www\exercise\ThinkPHP\Lib\Core\Dispatcher.class.php 第 132 行.
INFO: [ app_begin ] --START--
INFO: ReadHtmlCache Behavior ::run [ RunTime:0.000710s ]
INFO: [ app_begin ] --END-- [ RunTime:0.000783s ]
NOTIC: [8192] mysql_connect(): The mysql extension is deprecated and will be removed in the future: use mysqli or PDO instead F:\www\exercise\ThinkPHP\Lib\Driver\Db\DbMysql.class.php 第 55 行.
SQL: SHOW COLUMNS FROM `user` [ RunTime:0.011881s ]
NOTIC: [8192] preg_replace(): The /e modifier is deprecated, use preg_replace_callback instead F:\www\exercise\ThinkPHP\Lib\Core\Db.class.php 第 604 行.
SQL: SELECT * FROM `user` WHERE ( `phone`='18867252140' ) LIMIT 1   [ RunTime:0.000295s ]

[ 2017-12-02T23:47:26+08:00 ] 192.168.43.209 /exercise/index.php/User/login?phone_data=18867252140&password_data=123
INFO: [ route_check ] --START--
INFO: CheckRoute Behavior ::run [ RunTime:0.000699s ]
INFO: [ route_check ] --END-- [ RunTime:0.000746s ]
NOTIC: [8192] preg_replace(): The /e modifier is deprecated, use preg_replace_callback instead F:\www\exercise\ThinkPHP\Lib\Core\Dispatcher.class.php 第 132 行.
INFO: [ app_begin ] --START--
INFO: ReadHtmlCache Behavior ::run [ RunTime:0.000608s ]
INFO: [ app_begin ] --END-- [ RunTime:0.000646s ]
NOTIC: [8192] mysql_connect(): The mysql extension is deprecated and will be removed in the future: use mysqli or PDO instead F:\www\exercise\ThinkPHP\Lib\Driver\Db\DbMysql.class.php 第 55 行.
SQL: SHOW COLUMNS FROM `user` [ RunTime:0.010249s ]
NOTIC: [8192] preg_replace(): The /e modifier is deprecated, use preg_replace_callback instead F:\www\exercise\ThinkPHP\Lib\Core\Db.class.php 第 604 行.
SQL: SELECT * FROM `user` WHERE ( `phone`='18867252140' ) LIMIT 1   [ RunTime:0.000339s ]
NOTIC: [2] Illegal string offset 'password' F:\www\exercise\WEB\Lib\Action\UserAction.class.php 第 35 行.
NOTIC: [8] Uninitialized string offset: 0 F:\www\exercise\WEB\Lib\Action\UserAction.class.php 第 35 行.

[ 2017-12-02T23:48:29+08:00 ] 192.168.43.209 /exercise/index.php/User/login?phone_data=18867152140&password_data=123
INFO: [ route_check ] --START--
INFO: CheckRoute Behavior ::run [ RunTime:0.000832s ]
INFO: [ route_check ] --END-- [ RunTime:0.000882s ]
NOTIC: [8192] preg_replace(): The /e modifier is deprecated, use preg_replace_callback instead F:\www\exercise\ThinkPHP\Lib\Core\Dispatcher.class.php 第 132 行.
INFO: [ app_begin ] --START--
INFO: ReadHtmlCache Behavior ::run [ RunTime:0.000568s ]
INFO: [ app_begin ] --END-- [ RunTime:0.000601s ]
NOTIC: [8192] mysql_connect(): The mysql extension is deprecated and will be removed in the future: use mysqli or PDO instead F:\www\exercise\ThinkPHP\Lib\Driver\Db\DbMysql.class.php 第 55 行.
SQL: SHOW COLUMNS FROM `user` [ RunTime:0.011730s ]
NOTIC: [8192] preg_replace(): The /e modifier is deprecated, use preg_replace_callback instead F:\www\exercise\ThinkPHP\Lib\Core\Db.class.php 第 604 行.
SQL: SELECT * FROM `user` WHERE ( `phone`='18867152140' ) LIMIT 1   [ RunTime:0.000313s ]
NOTIC: [2] Illegal string offset 'password' F:\www\exercise\WEB\Lib\Action\UserAction.class.php 第 35 行.
NOTIC: [8] Uninitialized string offset: 0 F:\www\exercise\WEB\Lib\Action\UserAction.class.php 第 35 行.

[ 2017-12-02T23:48:56+08:00 ] 192.168.43.209 /exercise/index.php/User/login?phone_data=18867152140&password_data=123
INFO: [ route_check ] --START--
INFO: CheckRoute Behavior ::run [ RunTime:0.000741s ]
INFO: [ route_check ] --END-- [ RunTime:0.000789s ]
NOTIC: [8192] preg_replace(): The /e modifier is deprecated, use preg_replace_callback instead F:\www\exercise\ThinkPHP\Lib\Core\Dispatcher.class.php 第 132 行.
INFO: [ app_begin ] --START--
INFO: ReadHtmlCache Behavior ::run [ RunTime:0.000610s ]
INFO: [ app_begin ] --END-- [ RunTime:0.000643s ]
NOTIC: [8192] mysql_connect(): The mysql extension is deprecated and will be removed in the future: use mysqli or PDO instead F:\www\exercise\ThinkPHP\Lib\Driver\Db\DbMysql.class.php 第 55 行.
SQL: SHOW COLUMNS FROM `user` [ RunTime:0.011060s ]
NOTIC: [8192] preg_replace(): The /e modifier is deprecated, use preg_replace_callback instead F:\www\exercise\ThinkPHP\Lib\Core\Db.class.php 第 604 行.
SQL: SELECT * FROM `user` WHERE ( `phone`='18867152140' ) LIMIT 1   [ RunTime:0.000365s ]
NOTIC: [2] Illegal string offset 'password' F:\www\exercise\WEB\Lib\Action\UserAction.class.php 第 35 行.
NOTIC: [8] Uninitialized string offset: 0 F:\www\exercise\WEB\Lib\Action\UserAction.class.php 第 35 行.

[ 2017-12-02T23:49:31+08:00 ] 192.168.43.209 /exercise/index.php/User/login?phone_data=18867152140&password_data=123
INFO: [ route_check ] --START--
INFO: CheckRoute Behavior ::run [ RunTime:0.000674s ]
INFO: [ route_check ] --END-- [ RunTime:0.000729s ]
NOTIC: [8192] preg_replace(): The /e modifier is deprecated, use preg_replace_callback instead F:\www\exercise\ThinkPHP\Lib\Core\Dispatcher.class.php 第 132 行.
INFO: [ app_begin ] --START--
INFO: ReadHtmlCache Behavior ::run [ RunTime:0.000670s ]
INFO: [ app_begin ] --END-- [ RunTime:0.000703s ]
NOTIC: [8192] mysql_connect(): The mysql extension is deprecated and will be removed in the future: use mysqli or PDO instead F:\www\exercise\ThinkPHP\Lib\Driver\Db\DbMysql.class.php 第 55 行.
SQL: SHOW COLUMNS FROM `user` [ RunTime:0.010692s ]
NOTIC: [8192] preg_replace(): The /e modifier is deprecated, use preg_replace_callback instead F:\www\exercise\ThinkPHP\Lib\Core\Db.class.php 第 604 行.
SQL: SELECT * FROM `user` WHERE ( `phone`='18867152140' ) LIMIT 1   [ RunTime:0.000310s ]
NOTIC: [2] Illegal string offset 'password' F:\www\exercise\WEB\Lib\Action\UserAction.class.php 第 35 行.
NOTIC: [8] Uninitialized string offset: 0 F:\www\exercise\WEB\Lib\Action\UserAction.class.php 第 35 行.

[ 2017-12-02T23:50:00+08:00 ] 192.168.43.209 /exercise/index.php/User/login?phone_data=18867152140&password_data=123
INFO: [ route_check ] --START--
INFO: CheckRoute Behavior ::run [ RunTime:0.000860s ]
INFO: [ route_check ] --END-- [ RunTime:0.000915s ]
NOTIC: [8192] preg_replace(): The /e modifier is deprecated, use preg_replace_callback instead F:\www\exercise\ThinkPHP\Lib\Core\Dispatcher.class.php 第 132 行.
INFO: [ app_begin ] --START--
INFO: ReadHtmlCache Behavior ::run [ RunTime:0.000605s ]
INFO: [ app_begin ] --END-- [ RunTime:0.000641s ]
NOTIC: [8192] mysql_connect(): The mysql extension is deprecated and will be removed in the future: use mysqli or PDO instead F:\www\exercise\ThinkPHP\Lib\Driver\Db\DbMysql.class.php 第 55 行.
SQL: SHOW COLUMNS FROM `user` [ RunTime:0.012412s ]
NOTIC: [8192] preg_replace(): The /e modifier is deprecated, use preg_replace_callback instead F:\www\exercise\ThinkPHP\Lib\Core\Db.class.php 第 604 行.
SQL: SELECT * FROM `user` WHERE ( `phone`='18867152140' ) LIMIT 1   [ RunTime:0.000296s ]
NOTIC: [2] Illegal string offset 'password' F:\www\exercise\WEB\Lib\Action\UserAction.class.php 第 35 行.
NOTIC: [8] Uninitialized string offset: 0 F:\www\exercise\WEB\Lib\Action\UserAction.class.php 第 35 行.

[ 2017-12-02T23:50:24+08:00 ] 192.168.43.209 /exercise/index.php/User/login?phone_data=18867152140&password_data=123
INFO: [ route_check ] --START--
INFO: CheckRoute Behavior ::run [ RunTime:0.000758s ]
INFO: [ route_check ] --END-- [ RunTime:0.000810s ]
NOTIC: [8192] preg_replace(): The /e modifier is deprecated, use preg_replace_callback instead F:\www\exercise\ThinkPHP\Lib\Core\Dispatcher.class.php 第 132 行.
INFO: [ app_begin ] --START--
INFO: ReadHtmlCache Behavior ::run [ RunTime:0.000616s ]
INFO: [ app_begin ] --END-- [ RunTime:0.000653s ]
NOTIC: [8192] mysql_connect(): The mysql extension is deprecated and will be removed in the future: use mysqli or PDO instead F:\www\exercise\ThinkPHP\Lib\Driver\Db\DbMysql.class.php 第 55 行.
SQL: SHOW COLUMNS FROM `user` [ RunTime:0.013191s ]
NOTIC: [8192] preg_replace(): The /e modifier is deprecated, use preg_replace_callback instead F:\www\exercise\ThinkPHP\Lib\Core\Db.class.php 第 604 行.
SQL: SELECT * FROM `user` WHERE ( `phone`='18867152140' ) LIMIT 1   [ RunTime:0.000309s ]
NOTIC: [2] Illegal string offset 'password' F:\www\exercise\WEB\Lib\Action\UserAction.class.php 第 35 行.
NOTIC: [8] Uninitialized string offset: 0 F:\www\exercise\WEB\Lib\Action\UserAction.class.php 第 35 行.

[ 2017-12-02T23:58:59+08:00 ] 192.168.43.209 /exercise/index.php/User/login?phone_data=18867152149&password_data=123
INFO: [ route_check ] --START--
INFO: CheckRoute Behavior ::run [ RunTime:0.000966s ]
INFO: [ route_check ] --END-- [ RunTime:0.001017s ]
NOTIC: [8192] preg_replace(): The /e modifier is deprecated, use preg_replace_callback instead F:\www\exercise\ThinkPHP\Lib\Core\Dispatcher.class.php 第 132 行.
INFO: [ app_begin ] --START--
INFO: ReadHtmlCache Behavior ::run [ RunTime:0.000575s ]
INFO: [ app_begin ] --END-- [ RunTime:0.000609s ]
NOTIC: [8192] mysql_connect(): The mysql extension is deprecated and will be removed in the future: use mysqli or PDO instead F:\www\exercise\ThinkPHP\Lib\Driver\Db\DbMysql.class.php 第 55 行.
SQL: SHOW COLUMNS FROM `user` [ RunTime:0.010191s ]
NOTIC: [8192] preg_replace(): The /e modifier is deprecated, use preg_replace_callback instead F:\www\exercise\ThinkPHP\Lib\Core\Db.class.php 第 604 行.
SQL: SELECT * FROM `user` WHERE ( `phone`='18867152149' ) LIMIT 1   [ RunTime:0.000329s ]
NOTIC: [2] Illegal string offset 'password' F:\www\exercise\WEB\Lib\Action\UserAction.class.php 第 35 行.
NOTIC: [8] Uninitialized string offset: 0 F:\www\exercise\WEB\Lib\Action\UserAction.class.php 第 35 行.

[ 2017-12-02T23:59:13+08:00 ] 192.168.43.209 /exercise/index.php/User/login?phone_data=1886766666&password_data=123
INFO: [ route_check ] --START--
INFO: CheckRoute Behavior ::run [ RunTime:0.001193s ]
INFO: [ route_check ] --END-- [ RunTime:0.001283s ]
NOTIC: [8192] preg_replace(): The /e modifier is deprecated, use preg_replace_callback instead F:\www\exercise\ThinkPHP\Lib\Core\Dispatcher.class.php 第 132 行.
INFO: [ app_begin ] --START--
INFO: ReadHtmlCache Behavior ::run [ RunTime:0.000575s ]
INFO: [ app_begin ] --END-- [ RunTime:0.000608s ]
NOTIC: [8192] mysql_connect(): The mysql extension is deprecated and will be removed in the future: use mysqli or PDO instead F:\www\exercise\ThinkPHP\Lib\Driver\Db\DbMysql.class.php 第 55 行.
SQL: SHOW COLUMNS FROM `user` [ RunTime:0.010535s ]
NOTIC: [8192] preg_replace(): The /e modifier is deprecated, use preg_replace_callback instead F:\www\exercise\ThinkPHP\Lib\Core\Db.class.php 第 604 行.
SQL: SELECT * FROM `user` WHERE ( `phone`='1886766666' ) LIMIT 1   [ RunTime:0.000416s ]
NOTIC: [2] Illegal string offset 'password' F:\www\exercise\WEB\Lib\Action\UserAction.class.php 第 35 行.
NOTIC: [8] Uninitialized string offset: 0 F:\www\exercise\WEB\Lib\Action\UserAction.class.php 第 35 行.

[ 2017-12-02T23:59:26+08:00 ] 192.168.43.209 /exercise/index.php/User/login?phone_data=18867666666&password_data=123
INFO: [ route_check ] --START--
INFO: CheckRoute Behavior ::run [ RunTime:0.000909s ]
INFO: [ route_check ] --END-- [ RunTime:0.000956s ]
NOTIC: [8192] preg_replace(): The /e modifier is deprecated, use preg_replace_callback instead F:\www\exercise\ThinkPHP\Lib\Core\Dispatcher.class.php 第 132 行.
INFO: [ app_begin ] --START--
INFO: ReadHtmlCache Behavior ::run [ RunTime:0.000633s ]
INFO: [ app_begin ] --END-- [ RunTime:0.000667s ]
NOTIC: [8192] mysql_connect(): The mysql extension is deprecated and will be removed in the future: use mysqli or PDO instead F:\www\exercise\ThinkPHP\Lib\Driver\Db\DbMysql.class.php 第 55 行.
SQL: SHOW COLUMNS FROM `user` [ RunTime:0.011626s ]
NOTIC: [8192] preg_replace(): The /e modifier is deprecated, use preg_replace_callback instead F:\www\exercise\ThinkPHP\Lib\Core\Db.class.php 第 604 行.
SQL: SELECT * FROM `user` WHERE ( `phone`='18867666666' ) LIMIT 1   [ RunTime:0.000367s ]
NOTIC: [2] Illegal string offset 'password' F:\www\exercise\WEB\Lib\Action\UserAction.class.php 第 35 行.
NOTIC: [8] Uninitialized string offset: 0 F:\www\exercise\WEB\Lib\Action\UserAction.class.php 第 35 行.

