[ 2017-12-05T20:43:41+08:00 ] 127.0.0.1 /exercise/
INFO: [ app_begin ] --START--
INFO: ReadHtmlCache Behavior ::run [ RunTime:0.015794s ]
INFO: [ app_begin ] --END-- [ RunTime:0.015888s ]
INFO: [ view_parse ] --START--
INFO: ParseTemplate Behavior ::run [ RunTime:0.041341s ]
INFO: [ view_parse ] --END-- [ RunTime:0.041393s ]
INFO: [ view_filter ] --START--
NOTIC: [8] Use of undefined constant APP_TMPL_PATH - assumed 'APP_TMPL_PATH' F:\www\exercise\ThinkPHP\Lib\Behavior\ContentReplaceBehavior.class.php 第 40 行.
NOTIC: [8] Use of undefined constant APP_TMPL_PATH - assumed 'APP_TMPL_PATH' F:\www\exercise\ThinkPHP\Lib\Behavior\ContentReplaceBehavior.class.php 第 47 行.
INFO: ContentReplace Behavior ::run [ RunTime:0.001285s ]
INFO: TokenBuild Behavior ::run [ RunTime:0.016634s ]
INFO: WriteHtmlCache Behavior ::run [ RunTime:0.012550s ]
INFO: ShowRuntime Behavior ::run [ RunTime:0.017102s ]
INFO: [ view_filter ] --END-- [ RunTime:0.047706s ]
INFO: [ view_end ] --START--
INFO: ShowPageTrace Behavior ::run [ RunTime:0.007961s ]
INFO: [ view_end ] --END-- [ RunTime:0.007999s ]

[ 2017-12-05T16:16:08+00:00 ] 192.168.43.209 /exercise/index.php/User/sendSMS
INFO: [ route_check ] --START--
INFO: CheckRoute Behavior ::run [ RunTime:0.000424s ]
INFO: [ route_check ] --END-- [ RunTime:0.000469s ]
NOTIC: [8192] preg_replace(): The /e modifier is deprecated, use preg_replace_callback instead F:\www\exercise\ThinkPHP\Lib\Core\Dispatcher.class.php 第 132 行.
INFO: [ app_begin ] --START--
INFO: ReadHtmlCache Behavior ::run [ RunTime:0.000311s ]
INFO: [ app_begin ] --END-- [ RunTime:0.000342s ]

[ 2017-12-05T16:25:19+00:00 ] 192.168.43.44 /exercise/index.php/User/sendSMS?code_data=9900
INFO: [ route_check ] --START--
INFO: CheckRoute Behavior ::run [ RunTime:0.000671s ]
INFO: [ route_check ] --END-- [ RunTime:0.000715s ]
NOTIC: [8192] preg_replace(): The /e modifier is deprecated, use preg_replace_callback instead F:\www\exercise\ThinkPHP\Lib\Core\Dispatcher.class.php 第 132 行.
INFO: [ app_begin ] --START--
INFO: ReadHtmlCache Behavior ::run [ RunTime:0.000417s ]
INFO: [ app_begin ] --END-- [ RunTime:0.000445s ]
NOTIC: [8] Undefined index: code F:\www\exercise\WEB\Lib\Action\UserAction.class.php 第 116 行.

[ 2017-12-05T16:25:50+00:00 ] 192.168.43.44 /exercise/index.php/User/sendSMS?code_data=2019
INFO: [ route_check ] --START--
INFO: CheckRoute Behavior ::run [ RunTime:0.000539s ]
INFO: [ route_check ] --END-- [ RunTime:0.000590s ]
NOTIC: [8192] preg_replace(): The /e modifier is deprecated, use preg_replace_callback instead F:\www\exercise\ThinkPHP\Lib\Core\Dispatcher.class.php 第 132 行.
INFO: [ app_begin ] --START--
INFO: ReadHtmlCache Behavior ::run [ RunTime:0.000379s ]
INFO: [ app_begin ] --END-- [ RunTime:0.000430s ]
NOTIC: [8] Undefined index: code F:\www\exercise\WEB\Lib\Action\UserAction.class.php 第 116 行.

[ 2017-12-05T16:27:00+00:00 ] 192.168.43.44 /exercise/index.php/User/sendSMS
INFO: [ route_check ] --START--
INFO: CheckRoute Behavior ::run [ RunTime:0.000387s ]
INFO: [ route_check ] --END-- [ RunTime:0.000431s ]
NOTIC: [8192] preg_replace(): The /e modifier is deprecated, use preg_replace_callback instead F:\www\exercise\ThinkPHP\Lib\Core\Dispatcher.class.php 第 132 行.
INFO: [ app_begin ] --START--
INFO: ReadHtmlCache Behavior ::run [ RunTime:0.000292s ]
INFO: [ app_begin ] --END-- [ RunTime:0.000317s ]
NOTIC: [8] Undefined index: code F:\www\exercise\WEB\Lib\Action\UserAction.class.php 第 116 行.

[ 2017-12-05T16:36:33+00:00 ] 192.168.43.209 /exercise/index.php/User/sendSMS
INFO: [ route_check ] --START--
INFO: CheckRoute Behavior ::run [ RunTime:0.001301s ]
INFO: [ route_check ] --END-- [ RunTime:0.001393s ]
NOTIC: [8192] preg_replace(): The /e modifier is deprecated, use preg_replace_callback instead F:\www\exercise\ThinkPHP\Lib\Core\Dispatcher.class.php 第 132 行.
INFO: [ app_begin ] --START--
INFO: ReadHtmlCache Behavior ::run [ RunTime:0.000806s ]
INFO: [ app_begin ] --END-- [ RunTime:0.000869s ]
NOTIC: [8] Undefined index: code_data F:\www\exercise\WEB\Lib\Action\UserAction.class.php 第 116 行.

[ 2017-12-05T16:36:49+00:00 ] 192.168.43.209 /exercise/index.php/User/sendSMS
INFO: [ route_check ] --START--
INFO: CheckRoute Behavior ::run [ RunTime:0.000576s ]
INFO: [ route_check ] --END-- [ RunTime:0.000645s ]
NOTIC: [8192] preg_replace(): The /e modifier is deprecated, use preg_replace_callback instead F:\www\exercise\ThinkPHP\Lib\Core\Dispatcher.class.php 第 132 行.
INFO: [ app_begin ] --START--
INFO: ReadHtmlCache Behavior ::run [ RunTime:0.000395s ]
INFO: [ app_begin ] --END-- [ RunTime:0.000428s ]
NOTIC: [8] Undefined index: code_data F:\www\exercise\WEB\Lib\Action\UserAction.class.php 第 116 行.
NOTIC: [8] Undefined variable: code_data F:\www\exercise\WEB\Lib\Action\UserAction.class.php 第 131 行.

[ 2017-12-05T16:38:16+00:00 ] 192.168.43.44 /exercise/index.php/User/sendSMS
INFO: [ route_check ] --START--
INFO: CheckRoute Behavior ::run [ RunTime:0.000450s ]
INFO: [ route_check ] --END-- [ RunTime:0.000495s ]
NOTIC: [8192] preg_replace(): The /e modifier is deprecated, use preg_replace_callback instead F:\www\exercise\ThinkPHP\Lib\Core\Dispatcher.class.php 第 132 行.
INFO: [ app_begin ] --START--
INFO: ReadHtmlCache Behavior ::run [ RunTime:0.000386s ]
INFO: [ app_begin ] --END-- [ RunTime:0.000411s ]
NOTIC: [8] Undefined index: code_data F:\www\exercise\WEB\Lib\Action\UserAction.class.php 第 116 行.
NOTIC: [8] Undefined variable: code_data F:\www\exercise\WEB\Lib\Action\UserAction.class.php 第 131 行.

[ 2017-12-05T16:38:23+00:00 ] 192.168.43.44 /exercise/index.php/User/sendSMS?code_data=1031
INFO: [ route_check ] --START--
INFO: CheckRoute Behavior ::run [ RunTime:0.000454s ]
INFO: [ route_check ] --END-- [ RunTime:0.000495s ]
NOTIC: [8192] preg_replace(): The /e modifier is deprecated, use preg_replace_callback instead F:\www\exercise\ThinkPHP\Lib\Core\Dispatcher.class.php 第 132 行.
INFO: [ app_begin ] --START--
INFO: ReadHtmlCache Behavior ::run [ RunTime:0.000439s ]
INFO: [ app_begin ] --END-- [ RunTime:0.000530s ]
NOTIC: [8] Undefined variable: code_data F:\www\exercise\WEB\Lib\Action\UserAction.class.php 第 131 行.

[ 2017-12-05T16:40:01+00:00 ] 192.168.43.44 /exercise/index.php/User/sendSMS?code_data=8836
INFO: [ route_check ] --START--
INFO: CheckRoute Behavior ::run [ RunTime:0.000983s ]
INFO: [ route_check ] --END-- [ RunTime:0.001050s ]
NOTIC: [8192] preg_replace(): The /e modifier is deprecated, use preg_replace_callback instead F:\www\exercise\ThinkPHP\Lib\Core\Dispatcher.class.php 第 132 行.
INFO: [ app_begin ] --START--
INFO: ReadHtmlCache Behavior ::run [ RunTime:0.000607s ]
INFO: [ app_begin ] --END-- [ RunTime:0.000653s ]
NOTIC: [8] Undefined variable: code_data F:\www\exercise\WEB\Lib\Action\UserAction.class.php 第 131 行.

[ 2017-12-05T16:40:53+00:00 ] 192.168.43.44 /exercise/index.php/User/sendSMS?code_data=5951
INFO: [ route_check ] --START--
INFO: CheckRoute Behavior ::run [ RunTime:0.000433s ]
INFO: [ route_check ] --END-- [ RunTime:0.000475s ]
NOTIC: [8192] preg_replace(): The /e modifier is deprecated, use preg_replace_callback instead F:\www\exercise\ThinkPHP\Lib\Core\Dispatcher.class.php 第 132 行.
INFO: [ app_begin ] --START--
INFO: ReadHtmlCache Behavior ::run [ RunTime:0.000322s ]
INFO: [ app_begin ] --END-- [ RunTime:0.000349s ]

